22:35:13.662 [restartedMain] INFO  com.newer.springboot.Application - Starting Application on SW27V960KV9RU60 with PID 14364 (D:\SpringHomeWork\IDEA\springboot\target\classes started by Administrator in D:\SpringHomeWork\IDEA\springboot)
22:35:13.675 [restartedMain] INFO  com.newer.springboot.Application - No active profile set, falling back to default profiles: default
22:35:13.744 [restartedMain] INFO  org.springframework.boot.web.servlet.context.AnnotationConfigServletWebServerApplicationContext - Refreshing org.springframework.boot.web.servlet.context.AnnotationConfigServletWebServerApplicationContext@1f1ed20f: startup date [Thu Nov 08 22:35:13 CST 2018]; root of context hierarchy
22:35:15.584 [restartedMain] INFO  org.springframework.data.repository.config.RepositoryConfigurationDelegate - Multiple Spring Data modules found, entering strict repository configuration mode!
22:35:15.661 [restartedMain] INFO  org.springframework.data.repository.config.RepositoryConfigurationDelegate - Multiple Spring Data modules found, entering strict repository configuration mode!
22:35:15.678 [restartedMain] INFO  org.springframework.data.repository.config.RepositoryConfigurationExtensionSupport - Spring Data Redis - Could not safely identify store assignment for repository candidate interface com.newer.springboot.logback.LogRepository.
22:35:16.238 [restartedMain] INFO  org.springframework.context.support.PostProcessorRegistrationDelegate$BeanPostProcessorChecker - Bean 'org.springframework.transaction.annotation.ProxyTransactionManagementConfiguration' of type [org.springframework.transaction.annotation.ProxyTransactionManagementConfiguration$$EnhancerBySpringCGLIB$$f5b52ebb] is not eligible for getting processed by all BeanPostProcessors (for example: not eligible for auto-proxying)
22:35:16.434 [restartedMain] INFO  org.springframework.context.support.PostProcessorRegistrationDelegate$BeanPostProcessorChecker - Bean 'org.springframework.security.config.annotation.configuration.ObjectPostProcessorConfiguration' of type [org.springframework.security.config.annotation.configuration.ObjectPostProcessorConfiguration$$EnhancerBySpringCGLIB$$8e62f6f5] is not eligible for getting processed by all BeanPostProcessors (for example: not eligible for auto-proxying)
22:35:16.444 [restartedMain] INFO  org.springframework.context.support.PostProcessorRegistrationDelegate$BeanPostProcessorChecker - Bean 'objectPostProcessor' of type [org.springframework.security.config.annotation.configuration.AutowireBeanFactoryObjectPostProcessor] is not eligible for getting processed by all BeanPostProcessors (for example: not eligible for auto-proxying)
22:35:16.452 [restartedMain] INFO  org.springframework.context.support.PostProcessorRegistrationDelegate$BeanPostProcessorChecker - Bean 'org.springframework.security.access.expression.method.DefaultMethodSecurityExpressionHandler@37842e6b' of type [org.springframework.security.access.expression.method.DefaultMethodSecurityExpressionHandler] is not eligible for getting processed by all BeanPostProcessors (for example: not eligible for auto-proxying)
22:35:16.461 [restartedMain] INFO  org.springframework.context.support.PostProcessorRegistrationDelegate$BeanPostProcessorChecker - Bean 'org.springframework.security.config.annotation.method.configuration.GlobalMethodSecurityConfiguration' of type [org.springframework.security.config.annotation.method.configuration.GlobalMethodSecurityConfiguration$$EnhancerBySpringCGLIB$$b33799a7] is not eligible for getting processed by all BeanPostProcessors (for example: not eligible for auto-proxying)
22:35:16.484 [restartedMain] INFO  org.springframework.context.support.PostProcessorRegistrationDelegate$BeanPostProcessorChecker - Bean 'methodSecurityMetadataSource' of type [org.springframework.security.access.method.DelegatingMethodSecurityMetadataSource] is not eligible for getting processed by all BeanPostProcessors (for example: not eligible for auto-proxying)
22:35:17.218 [restartedMain] INFO  org.springframework.boot.web.embedded.tomcat.TomcatWebServer - Tomcat initialized with port(s): 8086 (http)
22:35:17.233 [restartedMain] INFO  org.apache.coyote.http11.Http11NioProtocol - Initializing ProtocolHandler ["http-nio-8086"]
22:35:17.242 [restartedMain] INFO  org.apache.catalina.core.StandardService - Starting service [Tomcat]
22:35:17.243 [restartedMain] INFO  org.apache.catalina.core.StandardEngine - Starting Servlet Engine: Apache Tomcat/8.5.34
22:35:17.248 [localhost-startStop-1] INFO  org.apache.catalina.core.AprLifecycleListener - The APR based Apache Tomcat Native library which allows optimal performance in production environments was not found on the java.library.path: [D:\jdk1.8.0_40\jdk1.8.0_40\bin;C:\Windows\Sun\Java\bin;C:\Windows\system32;C:\Windows;D:\MongoDB\Server\3.4\bin;D:\tomcat7\apache-tomcat-7.0.90;D:\app\Administrator\product\11.2.0\dbhome_1\bin;D:\app\Administrator\OraHome_1\bin;D:\app\wyj\product\12.2.0\dbhome_1\bin;D:\jdk1.8.0_40\jdk1.8.0_40\bin;C:\Windows\system32;C:\Windows;C:\Windows\System32\Wbem;C:\Windows\System32\WindowsPowerShell\v1.0\;D:\Program Files\Microsoft SQL Server\110\DTS\Binn\;D:\Program Files (x86)\Microsoft SQL Server\110\Tools\Binn\;D:\Program Files\Microsoft SQL Server\110\Tools\Binn\;D:\Program Files (x86)\Microsoft SQL Server\110\Tools\Binn\ManagementStudio\;C:\Program Files (x86)\Microsoft Visual Studio 10.0\Common7\IDE\PrivateAssemblies\;D:\Program Files (x86)\Microsoft SQL Server\110\DTS\Binn\;C:\Windows\system32\config\systemprofile\.dnx\bin;C:\Program Files\Microsoft DNX\Dnvm\;C:\Program Files\TortoiseSVN\bin;C:\Program Files (x86)\VisualSVN\bin;D:\Program Files\Microsoft SQL Server\130\Tools\Binn\;D:\Program Files\apache-maven-3.5.4\bin;D:\Program Files\nodejs\;C:\Users\Administrator\AppData\Local\Microsoft\WindowsApps;C:\Users\Administrator\AppData\Roaming\npm;D:\MongoDB\Server\3.4\bin;.]
22:35:17.383 [localhost-startStop-1] INFO  org.apache.catalina.core.ContainerBase.[Tomcat].[localhost].[/] - Initializing Spring embedded WebApplicationContext
22:35:17.383 [localhost-startStop-1] INFO  org.springframework.web.context.ContextLoader - Root WebApplicationContext: initialization completed in 3639 ms
22:35:17.643 [localhost-startStop-1] INFO  org.springframework.boot.web.servlet.FilterRegistrationBean - Mapping filter: 'characterEncodingFilter' to: [/*]
22:35:17.644 [localhost-startStop-1] INFO  org.springframework.boot.web.servlet.FilterRegistrationBean - Mapping filter: 'hiddenHttpMethodFilter' to: [/*]
22:35:17.644 [localhost-startStop-1] INFO  org.springframework.boot.web.servlet.FilterRegistrationBean - Mapping filter: 'httpPutFormContentFilter' to: [/*]
22:35:17.644 [localhost-startStop-1] INFO  org.springframework.boot.web.servlet.FilterRegistrationBean - Mapping filter: 'requestContextFilter' to: [/*]
22:35:17.645 [localhost-startStop-1] INFO  org.springframework.boot.web.servlet.DelegatingFilterProxyRegistrationBean - Mapping filter: 'springSecurityFilterChain' to: [/*]
22:35:17.645 [localhost-startStop-1] INFO  org.springframework.boot.web.servlet.FilterRegistrationBean - Mapping filter: 'corsFilter' to: [/*]
22:35:17.645 [localhost-startStop-1] INFO  org.springframework.boot.web.servlet.ServletRegistrationBean - Servlet dispatcherServlet mapped to [/]
22:35:19.011 [restartedMain] INFO  org.mongodb.driver.cluster - Cluster created with settings {hosts=[127.0.0.1:27017], mode=SINGLE, requiredClusterType=UNKNOWN, serverSelectionTimeout='30000 ms', maxWaitQueueSize=500}
22:35:19.080 [cluster-ClusterId{value='5be449a73b399f381c38cff1', description='null'}-127.0.0.1:27017] INFO  org.mongodb.driver.connection - Opened connection [connectionId{localValue:1, serverValue:3}] to 127.0.0.1:27017
22:35:19.084 [cluster-ClusterId{value='5be449a73b399f381c38cff1', description='null'}-127.0.0.1:27017] INFO  org.mongodb.driver.cluster - Monitor thread successfully connected to server with description ServerDescription{address=127.0.0.1:27017, type=STANDALONE, state=CONNECTED, ok=true, version=ServerVersion{versionList=[3, 4, 9]}, minWireVersion=0, maxWireVersion=5, maxDocumentSize=16777216, logicalSessionTimeoutMinutes=null, roundTripTimeNanos=2157117}
22:35:19.895 [restartedMain] INFO  org.springframework.security.web.DefaultSecurityFilterChain - Creating filter chain: Ant [pattern='/auth', POST], []
22:35:19.895 [restartedMain] INFO  org.springframework.security.web.DefaultSecurityFilterChain - Creating filter chain: Ant [pattern='/', GET], []
22:35:19.896 [restartedMain] INFO  org.springframework.security.web.DefaultSecurityFilterChain - Creating filter chain: Ant [pattern='/*.html', GET], []
22:35:19.896 [restartedMain] INFO  org.springframework.security.web.DefaultSecurityFilterChain - Creating filter chain: Ant [pattern='/favicon.ico', GET], []
22:35:19.896 [restartedMain] INFO  org.springframework.security.web.DefaultSecurityFilterChain - Creating filter chain: Ant [pattern='/**/*.html', GET], []
22:35:19.896 [restartedMain] INFO  org.springframework.security.web.DefaultSecurityFilterChain - Creating filter chain: Ant [pattern='/**/*.css', GET], []
22:35:19.897 [restartedMain] INFO  org.springframework.security.web.DefaultSecurityFilterChain - Creating filter chain: Ant [pattern='/**/*.js', GET], []
22:35:19.897 [restartedMain] INFO  org.springframework.security.web.DefaultSecurityFilterChain - Creating filter chain: Ant [pattern='/images/**', GET], []
22:35:19.897 [restartedMain] INFO  org.springframework.security.web.DefaultSecurityFilterChain - Creating filter chain: Ant [pattern='/js/**', GET], []
22:35:19.897 [restartedMain] INFO  org.springframework.security.web.DefaultSecurityFilterChain - Creating filter chain: Ant [pattern='/static/**', GET], []
22:35:20.009 [restartedMain] INFO  org.springframework.security.web.DefaultSecurityFilterChain - Creating filter chain: org.springframework.security.web.util.matcher.AnyRequestMatcher@1, [org.springframework.security.web.context.request.async.WebAsyncManagerIntegrationFilter@4c7036e7, org.springframework.security.web.context.SecurityContextPersistenceFilter@2fed3679, org.springframework.security.web.header.HeaderWriterFilter@636573ef, org.springframework.web.filter.CorsFilter@46189d7d, org.springframework.security.web.authentication.logout.LogoutFilter@6919fede, com.newer.springboot.security.JwtAuthcaticationTokenFilter@932969e, org.springframework.security.web.savedrequest.RequestCacheAwareFilter@37f42019, org.springframework.security.web.servletapi.SecurityContextHolderAwareRequestFilter@703d0085, org.springframework.security.web.authentication.AnonymousAuthenticationFilter@36a7110a, org.springframework.security.web.session.SessionManagementFilter@5f3010bd, org.springframework.security.web.access.ExceptionTranslationFilter@56a1884f, org.springframework.security.web.access.intercept.FilterSecurityInterceptor@4ab1e6d9]
22:35:20.140 [restartedMain] INFO  org.springframework.web.servlet.handler.SimpleUrlHandlerMapping - Mapped URL path [/**/favicon.ico] onto handler of type [class org.springframework.web.servlet.resource.ResourceHttpRequestHandler]
22:35:20.569 [restartedMain] INFO  org.springframework.web.servlet.mvc.method.annotation.RequestMappingHandlerAdapter - Looking for @ControllerAdvice: org.springframework.boot.web.servlet.context.AnnotationConfigServletWebServerApplicationContext@1f1ed20f: startup date [Thu Nov 08 22:35:13 CST 2018]; root of context hierarchy
22:35:20.671 [restartedMain] INFO  org.springframework.web.servlet.mvc.method.annotation.RequestMappingHandlerMapping - Mapped "{[/api/changePwd],methods=[POST]}" onto public org.springframework.http.ResponseEntity<?> com.newer.springboot.controller.AdminsController.change_Pwd(java.lang.String,java.lang.String,java.lang.String,javax.servlet.http.HttpServletRequest)
22:35:20.672 [restartedMain] INFO  org.springframework.web.servlet.mvc.method.annotation.RequestMappingHandlerMapping - Mapped "{[/api/getUser],methods=[GET]}" onto public org.springframework.http.ResponseEntity<com.newer.springboot.security.domain.JwtUser> com.newer.springboot.controller.AdminsController.getUser(javax.servlet.http.HttpServletRequest)
22:35:20.673 [restartedMain] INFO  org.springframework.web.servlet.mvc.method.annotation.RequestMappingHandlerMapping - Mapped "{[/api/users],methods=[GET]}" onto public org.springframework.http.ResponseEntity<?> com.newer.springboot.controller.AdminsController.login(java.lang.String,java.lang.String,javax.servlet.http.HttpSession)
22:35:20.673 [restartedMain] INFO  org.springframework.web.servlet.mvc.method.annotation.RequestMappingHandlerMapping - Mapped "{[/api/userSession],methods=[GET]}" onto public org.springframework.http.ResponseEntity<?> com.newer.springboot.controller.AdminsController.userSession(javax.servlet.http.HttpSession)
22:35:20.674 [restartedMain] INFO  org.springframework.web.servlet.mvc.method.annotation.RequestMappingHandlerMapping - Mapped "{[/api/drawbook],methods=[GET]}" onto public org.springframework.http.ResponseEntity<?> com.newer.springboot.controller.bookableController.drawBook(javax.servlet.http.HttpServletRequest)
22:35:20.674 [restartedMain] INFO  org.springframework.web.servlet.mvc.method.annotation.RequestMappingHandlerMapping - Mapped "{[/api/bookdepart],methods=[GET]}" onto public org.springframework.http.ResponseEntity<?> com.newer.springboot.controller.bookableController.bookdepart(javax.servlet.http.HttpServletRequest)
22:35:20.677 [restartedMain] INFO  org.springframework.web.servlet.mvc.method.annotation.RequestMappingHandlerMapping - Mapped "{[/doctors/edit],methods=[PUT]}" onto public org.springframework.http.ResponseEntity<?> com.newer.springboot.controller.DoctorsController.updDoctors(com.newer.springboot.domain.Doctors)
22:35:20.677 [restartedMain] INFO  org.springframework.web.servlet.mvc.method.annotation.RequestMappingHandlerMapping - Mapped "{[/doctors/query],methods=[GET]}" onto public org.springframework.http.ResponseEntity<?> com.newer.springboot.controller.DoctorsController.queryById(java.lang.Integer)
22:35:20.678 [restartedMain] INFO  org.springframework.web.servlet.mvc.method.annotation.RequestMappingHandlerMapping - Mapped "{[/doctors/edit],methods=[POST]}" onto public org.springframework.http.ResponseEntity<?> com.newer.springboot.controller.DoctorsController.addDoctors(com.newer.springboot.domain.Doctors)
22:35:20.679 [restartedMain] INFO  org.springframework.web.servlet.mvc.method.annotation.RequestMappingHandlerMapping - Mapped "{[/doctors/listdeparts],methods=[GET]}" onto public org.springframework.http.ResponseEntity<?> com.newer.springboot.controller.DoctorsController.ListDeparts()
22:35:20.679 [restartedMain] INFO  org.springframework.web.servlet.mvc.method.annotation.RequestMappingHandlerMapping - Mapped "{[/doctors/delete],methods=[DELETE]}" onto public org.springframework.http.ResponseEntity<?> com.newer.springboot.controller.DoctorsController.delDoctors(java.lang.Integer)
22:35:20.680 [restartedMain] INFO  org.springframework.web.servlet.mvc.method.annotation.RequestMappingHandlerMapping - Mapped "{[/doctors/list],methods=[GET]}" onto public org.springframework.http.ResponseEntity<?> com.newer.springboot.controller.DoctorsController.listAll(java.lang.String)
22:35:20.681 [restartedMain] INFO  org.springframework.web.servlet.mvc.method.annotation.RequestMappingHandlerMapping - Mapped "{[/drug/drugschangestate]}" onto public org.springframework.http.ResponseEntity<?> com.newer.springboot.controller.DrugController.changeState(java.lang.Integer,java.lang.Integer)
22:35:20.682 [restartedMain] INFO  org.springframework.web.servlet.mvc.method.annotation.RequestMappingHandlerMapping - Mapped "{[/drug/queryById],methods=[GET]}" onto public org.springframework.http.ResponseEntity<?> com.newer.springboot.controller.DrugController.queryById(java.lang.Integer)
22:35:20.682 [restartedMain] INFO  org.springframework.web.servlet.mvc.method.annotation.RequestMappingHandlerMapping - Mapped "{[/drug/listDT],methods=[GET]}" onto public org.springframework.http.ResponseEntity<?> com.newer.springboot.controller.DrugController.listAllDT()
22:35:20.683 [restartedMain] INFO  org.springframework.web.servlet.mvc.method.annotation.RequestMappingHandlerMapping - Mapped "{[/drug/drugdepart],methods=[GET]}" onto public org.springframework.http.ResponseEntity<?> com.newer.springboot.controller.DrugController.findDrDe(java.lang.Integer)
22:35:20.683 [restartedMain] INFO  org.springframework.web.servlet.mvc.method.annotation.RequestMappingHandlerMapping - Mapped "{[/drug/list],methods=[GET]}" onto public org.springframework.http.ResponseEntity<?> com.newer.springboot.controller.DrugController.listAll(java.lang.Double,java.lang.Double)
22:35:20.684 [restartedMain] INFO  org.springframework.web.servlet.mvc.method.annotation.RequestMappingHandlerMapping - Mapped "{[/drug/delete],methods=[DELETE]}" onto public org.springframework.http.ResponseEntity<?> com.newer.springboot.controller.DrugController.delDrug(java.lang.Integer)
22:35:20.685 [restartedMain] INFO  org.springframework.web.servlet.mvc.method.annotation.RequestMappingHandlerMapping - Mapped "{[/drug/edit],methods=[POST]}" onto public org.springframework.http.ResponseEntity<?> com.newer.springboot.controller.DrugController.addDrug(java.lang.Integer,java.lang.Integer,java.lang.String,java.lang.Integer,java.lang.Double,java.lang.Integer,int[])
22:35:20.685 [restartedMain] INFO  org.springframework.web.servlet.mvc.method.annotation.RequestMappingHandlerMapping - Mapped "{[/drug/listDP],methods=[GET]}" onto public org.springframework.http.ResponseEntity<?> com.newer.springboot.controller.DrugController.listAllDP()
22:35:20.686 [restartedMain] INFO  org.springframework.web.servlet.mvc.method.annotation.RequestMappingHandlerMapping - Mapped "{[/drug/edit],methods=[PUT]}" onto public org.springframework.http.ResponseEntity<?> com.newer.springboot.controller.DrugController.updDrug(java.lang.Integer,java.lang.Integer,java.lang.String,java.lang.Integer,java.lang.Double,java.lang.Integer,int[])
22:35:20.687 [restartedMain] INFO  org.springframework.web.servlet.mvc.method.annotation.RequestMappingHandlerMapping - Mapped "{[/hello]}" onto public java.lang.String com.newer.springboot.controller.HelloController.test()
22:35:20.688 [restartedMain] INFO  org.springframework.web.servlet.mvc.method.annotation.RequestMappingHandlerMapping - Mapped "{[/login],methods=[POST]}" onto public java.lang.String com.newer.springboot.controller.HelloController.login(java.lang.String,java.lang.String)
22:35:20.689 [restartedMain] INFO  org.springframework.web.servlet.mvc.method.annotation.RequestMappingHandlerMapping - Mapped "{[/patients/query],methods=[GET]}" onto public org.springframework.http.ResponseEntity<?> com.newer.springboot.controller.patientsController.queryById(java.lang.Integer)
22:35:20.690 [restartedMain] INFO  org.springframework.web.servlet.mvc.method.annotation.RequestMappingHandlerMapping - Mapped "{[/patients/list],methods=[GET]}" onto public org.springframework.http.ResponseEntity<?> com.newer.springboot.controller.patientsController.listAll(java.lang.String)
22:35:20.691 [restartedMain] INFO  org.springframework.web.servlet.mvc.method.annotation.RequestMappingHandlerMapping - Mapped "{[/patients/delete],methods=[DELETE]}" onto public org.springframework.http.ResponseEntity<?> com.newer.springboot.controller.patientsController.deletePatients(java.lang.Integer)
22:35:20.691 [restartedMain] INFO  org.springframework.web.servlet.mvc.method.annotation.RequestMappingHandlerMapping - Mapped "{[/patients/changePwd],methods=[PUT]}" onto public org.springframework.http.ResponseEntity<?> com.newer.springboot.controller.patientsController.change_pwd(java.lang.Integer,java.lang.String)
22:35:20.692 [restartedMain] INFO  org.springframework.web.servlet.mvc.method.annotation.RequestMappingHandlerMapping - Mapped "{[/patients/edit],methods=[PUT]}" onto public org.springframework.http.ResponseEntity<?> com.newer.springboot.controller.patientsController.updPatients(com.newer.springboot.domain.Patients)
22:35:20.693 [restartedMain] INFO  org.springframework.web.servlet.mvc.method.annotation.RequestMappingHandlerMapping - Mapped "{[/patients/edit],methods=[POST]}" onto public org.springframework.http.ResponseEntity<?> com.newer.springboot.controller.patientsController.addPatients(com.newer.springboot.domain.Patients)
22:35:20.694 [restartedMain] INFO  org.springframework.web.servlet.mvc.method.annotation.RequestMappingHandlerMapping - Mapped "{[/api/auth],methods=[POST]}" onto public org.springframework.http.ResponseEntity<?> com.newer.springboot.security.controller.AuthenticationController.login(com.newer.springboot.security.domain.JwtAuenticationRequest) throws com.newer.springboot.security.exception.AuthenticationException
22:35:20.695 [restartedMain] INFO  org.springframework.web.servlet.mvc.method.annotation.RequestMappingHandlerMapping - Mapped "{[/api/refresh],methods=[GET]}" onto public org.springframework.http.ResponseEntity<?> com.newer.springboot.security.controller.AuthenticationController.refreshAndGetAuthenticationToken(javax.servlet.http.HttpServletRequest)
22:35:20.696 [restartedMain] INFO  org.springframework.web.servlet.mvc.method.annotation.RequestMappingHandlerMapping - Mapped "{[/api/protecteduser],methods=[GET]}" onto public org.springframework.http.ResponseEntity<?> com.newer.springboot.security.controller.MethodProtectedRestController.getProtectedUser()
22:35:20.697 [restartedMain] INFO  org.springframework.web.servlet.mvc.method.annotation.RequestMappingHandlerMapping - Mapped "{[/api/protectedadmin],methods=[GET]}" onto public org.springframework.http.ResponseEntity<?> com.newer.springboot.security.controller.MethodProtectedRestController.getProtectedAdmin()
22:35:20.699 [restartedMain] INFO  org.springframework.web.servlet.mvc.method.annotation.RequestMappingHandlerMapping - Mapped "{[/error]}" onto public org.springframework.http.ResponseEntity<java.util.Map<java.lang.String, java.lang.Object>> org.springframework.boot.autoconfigure.web.servlet.error.BasicErrorController.error(javax.servlet.http.HttpServletRequest)
22:35:20.700 [restartedMain] INFO  org.springframework.web.servlet.mvc.method.annotation.RequestMappingHandlerMapping - Mapped "{[/error],produces=[text/html]}" onto public org.springframework.web.servlet.ModelAndView org.springframework.boot.autoconfigure.web.servlet.error.BasicErrorController.errorHtml(javax.servlet.http.HttpServletRequest,javax.servlet.http.HttpServletResponse)
22:35:20.774 [restartedMain] INFO  org.springframework.web.servlet.handler.SimpleUrlHandlerMapping - Mapped URL path [/webjars/**] onto handler of type [class org.springframework.web.servlet.resource.ResourceHttpRequestHandler]
22:35:20.774 [restartedMain] INFO  org.springframework.web.servlet.handler.SimpleUrlHandlerMapping - Mapped URL path [/**] onto handler of type [class org.springframework.web.servlet.resource.ResourceHttpRequestHandler]
22:35:20.804 [restartedMain] INFO  org.springframework.web.servlet.mvc.method.annotation.ExceptionHandlerExceptionResolver - Detected @ExceptionHandler methods in globalExceptionHandler
22:35:21.848 [restartedMain] INFO  org.springframework.boot.devtools.autoconfigure.OptionalLiveReloadServer - LiveReload server is running on port 35729
22:35:21.908 [restartedMain] INFO  org.apache.coyote.http11.Http11NioProtocol - Starting ProtocolHandler ["http-nio-8086"]
22:35:21.930 [restartedMain] INFO  org.apache.tomcat.util.net.NioSelectorPool - Using a shared selector for servlet write/read
22:35:21.951 [restartedMain] INFO  org.springframework.boot.web.embedded.tomcat.TomcatWebServer - Tomcat started on port(s): 8086 (http) with context path ''
22:35:21.956 [restartedMain] INFO  com.newer.springboot.Application - Started Application in 8.795 seconds (JVM running for 10.699)
22:35:40.100 [http-nio-8086-exec-1] INFO  org.apache.catalina.core.ContainerBase.[Tomcat].[localhost].[/] - Initializing Spring FrameworkServlet 'dispatcherServlet'
22:35:40.101 [http-nio-8086-exec-1] INFO  org.springframework.web.servlet.DispatcherServlet - FrameworkServlet 'dispatcherServlet': initialization started
22:35:40.130 [http-nio-8086-exec-1] INFO  org.springframework.web.servlet.DispatcherServlet - FrameworkServlet 'dispatcherServlet': initialization completed in 29 ms
22:35:40.167 [http-nio-8086-exec-2] INFO  org.apache.tomcat.util.http.parser.Cookie - A cookie header was received [1541403108,1541419038,1541687732; Hm_lpvt_080836300300be57b7f34f4b3e97d911=1541687732] that contained an invalid cookie. That cookie will be ignored.Note: further occurrences of this error will be logged at DEBUG level.
22:35:40.169 [http-nio-8086-exec-2] INFO  com.newer.springboot.security.JwtAuthcaticationTokenFilter -  process authentication for  http://127.0.0.1:8086/api/auth
22:35:40.170 [http-nio-8086-exec-2] WARN  com.newer.springboot.security.JwtAuthcaticationTokenFilter - can't find Token start with Bearer ,will ignore the header
22:35:40.170 [http-nio-8086-exec-2] INFO  com.newer.springboot.security.JwtAuthcaticationTokenFilter - checking authencation for null
22:35:40.385 [http-nio-8086-exec-2] INFO  com.zaxxer.hikari.HikariDataSource - HikariPool-1 - Starting...
22:35:40.573 [http-nio-8086-exec-2] INFO  com.zaxxer.hikari.HikariDataSource - HikariPool-1 - Start completed.
22:35:41.107 [http-nio-8086-exec-4] INFO  com.newer.springboot.security.JwtAuthcaticationTokenFilter -  process authentication for  http://127.0.0.1:8086/api/getUser
22:35:41.159 [http-nio-8086-exec-4] INFO  com.newer.springboot.security.JwtAuthcaticationTokenFilter - checking authencation for admin
22:35:41.304 [http-nio-8086-exec-7] INFO  com.newer.springboot.security.JwtAuthcaticationTokenFilter -  process authentication for  http://127.0.0.1:8086/api/bookdepart
22:35:41.310 [http-nio-8086-exec-7] INFO  com.newer.springboot.security.JwtAuthcaticationTokenFilter - checking authencation for admin
22:35:41.312 [http-nio-8086-exec-8] INFO  com.newer.springboot.security.JwtAuthcaticationTokenFilter -  process authentication for  http://127.0.0.1:8086/api/drawbook
22:35:41.316 [http-nio-8086-exec-8] INFO  com.newer.springboot.security.JwtAuthcaticationTokenFilter - checking authencation for admin
22:36:30.096 [http-nio-8086-exec-9] INFO  com.newer.springboot.security.JwtAuthcaticationTokenFilter -  process authentication for  http://127.0.0.1:8086/api/auth
22:36:30.097 [http-nio-8086-exec-9] WARN  com.newer.springboot.security.JwtAuthcaticationTokenFilter - can't find Token start with Bearer ,will ignore the header
22:36:30.097 [http-nio-8086-exec-9] INFO  com.newer.springboot.security.JwtAuthcaticationTokenFilter - checking authencation for null
22:36:30.379 [http-nio-8086-exec-2] INFO  com.newer.springboot.security.JwtAuthcaticationTokenFilter -  process authentication for  http://127.0.0.1:8086/api/getUser
22:36:30.382 [http-nio-8086-exec-2] INFO  com.newer.springboot.security.JwtAuthcaticationTokenFilter - checking authencation for huyiqing
22:36:30.544 [http-nio-8086-exec-4] INFO  com.newer.springboot.security.JwtAuthcaticationTokenFilter -  process authentication for  http://127.0.0.1:8086/api/drawbook
22:36:30.544 [http-nio-8086-exec-3] INFO  com.newer.springboot.security.JwtAuthcaticationTokenFilter -  process authentication for  http://127.0.0.1:8086/api/bookdepart
22:36:30.546 [http-nio-8086-exec-4] INFO  com.newer.springboot.security.JwtAuthcaticationTokenFilter - checking authencation for huyiqing
22:36:30.547 [http-nio-8086-exec-3] INFO  com.newer.springboot.security.JwtAuthcaticationTokenFilter - checking authencation for huyiqing
22:37:31.376 [http-nio-8086-exec-2] INFO  com.newer.springboot.security.JwtAuthcaticationTokenFilter -  process authentication for  http://127.0.0.1:8086/api/auth
22:37:31.377 [http-nio-8086-exec-2] WARN  com.newer.springboot.security.JwtAuthcaticationTokenFilter - can't find Token start with Bearer ,will ignore the header
22:37:31.377 [http-nio-8086-exec-2] INFO  com.newer.springboot.security.JwtAuthcaticationTokenFilter - checking authencation for null
22:37:31.760 [http-nio-8086-exec-6] INFO  com.newer.springboot.security.JwtAuthcaticationTokenFilter -  process authentication for  http://127.0.0.1:8086/api/getUser
22:37:31.764 [http-nio-8086-exec-6] INFO  com.newer.springboot.security.JwtAuthcaticationTokenFilter - checking authencation for smith
22:37:32.007 [http-nio-8086-exec-8] INFO  com.newer.springboot.security.JwtAuthcaticationTokenFilter -  process authentication for  http://127.0.0.1:8086/api/bookdepart
22:37:32.009 [http-nio-8086-exec-8] INFO  com.newer.springboot.security.JwtAuthcaticationTokenFilter - checking authencation for smith
22:37:32.023 [http-nio-8086-exec-7] INFO  com.newer.springboot.security.JwtAuthcaticationTokenFilter -  process authentication for  http://127.0.0.1:8086/api/drawbook
22:37:32.026 [http-nio-8086-exec-7] INFO  com.newer.springboot.security.JwtAuthcaticationTokenFilter - checking authencation for smith
22:40:08.357 [Thread-24] INFO  org.springframework.boot.web.servlet.context.AnnotationConfigServletWebServerApplicationContext - Closing org.springframework.boot.web.servlet.context.AnnotationConfigServletWebServerApplicationContext@1f1ed20f: startup date [Thu Nov 08 22:35:13 CST 2018]; root of context hierarchy
22:40:08.383 [Thread-24] INFO  com.zaxxer.hikari.HikariDataSource - HikariPool-1 - Shutdown initiated...
22:40:08.414 [Thread-24] INFO  com.zaxxer.hikari.HikariDataSource - HikariPool-1 - Shutdown completed.
22:40:09.314 [restartedMain] INFO  com.newer.springboot.Application - Starting Application on SW27V960KV9RU60 with PID 14364 (D:\SpringHomeWork\IDEA\springboot\target\classes started by Administrator in D:\SpringHomeWork\IDEA\springboot)
22:40:09.315 [restartedMain] INFO  com.newer.springboot.Application - No active profile set, falling back to default profiles: default
22:40:09.319 [restartedMain] INFO  org.springframework.boot.web.servlet.context.AnnotationConfigServletWebServerApplicationContext - Refreshing org.springframework.boot.web.servlet.context.AnnotationConfigServletWebServerApplicationContext@5e6389cf: startup date [Thu Nov 08 22:40:09 CST 2018]; root of context hierarchy
22:40:10.085 [restartedMain] INFO  org.springframework.data.repository.config.RepositoryConfigurationDelegate - Multiple Spring Data modules found, entering strict repository configuration mode!
22:40:10.126 [restartedMain] INFO  org.springframework.data.repository.config.RepositoryConfigurationDelegate - Multiple Spring Data modules found, entering strict repository configuration mode!
22:40:10.138 [restartedMain] INFO  org.springframework.data.repository.config.RepositoryConfigurationExtensionSupport - Spring Data Redis - Could not safely identify store assignment for repository candidate interface com.newer.springboot.logback.LogRepository.
22:40:10.312 [restartedMain] INFO  org.springframework.context.support.PostProcessorRegistrationDelegate$BeanPostProcessorChecker - Bean 'org.springframework.transaction.annotation.ProxyTransactionManagementConfiguration' of type [org.springframework.transaction.annotation.ProxyTransactionManagementConfiguration$$EnhancerBySpringCGLIB$$f5b52ebb] is not eligible for getting processed by all BeanPostProcessors (for example: not eligible for auto-proxying)
22:40:10.341 [restartedMain] INFO  org.springframework.context.support.PostProcessorRegistrationDelegate$BeanPostProcessorChecker - Bean 'org.springframework.security.config.annotation.configuration.ObjectPostProcessorConfiguration' of type [org.springframework.security.config.annotation.configuration.ObjectPostProcessorConfiguration$$EnhancerBySpringCGLIB$$8e62f6f5] is not eligible for getting processed by all BeanPostProcessors (for example: not eligible for auto-proxying)
22:40:10.346 [restartedMain] INFO  org.springframework.context.support.PostProcessorRegistrationDelegate$BeanPostProcessorChecker - Bean 'objectPostProcessor' of type [org.springframework.security.config.annotation.configuration.AutowireBeanFactoryObjectPostProcessor] is not eligible for getting processed by all BeanPostProcessors (for example: not eligible for auto-proxying)
22:40:10.349 [restartedMain] INFO  org.springframework.context.support.PostProcessorRegistrationDelegate$BeanPostProcessorChecker - Bean 'org.springframework.security.access.expression.method.DefaultMethodSecurityExpressionHandler@e0e60f4' of type [org.springframework.security.access.expression.method.DefaultMethodSecurityExpressionHandler] is not eligible for getting processed by all BeanPostProcessors (for example: not eligible for auto-proxying)
22:40:10.354 [restartedMain] INFO  org.springframework.context.support.PostProcessorRegistrationDelegate$BeanPostProcessorChecker - Bean 'org.springframework.security.config.annotation.method.configuration.GlobalMethodSecurityConfiguration' of type [org.springframework.security.config.annotation.method.configuration.GlobalMethodSecurityConfiguration$$EnhancerBySpringCGLIB$$b33799a7] is not eligible for getting processed by all BeanPostProcessors (for example: not eligible for auto-proxying)
22:40:10.361 [restartedMain] INFO  org.springframework.context.support.PostProcessorRegistrationDelegate$BeanPostProcessorChecker - Bean 'methodSecurityMetadataSource' of type [org.springframework.security.access.method.DelegatingMethodSecurityMetadataSource] is not eligible for getting processed by all BeanPostProcessors (for example: not eligible for auto-proxying)
22:40:10.837 [restartedMain] INFO  org.springframework.boot.web.embedded.tomcat.TomcatWebServer - Tomcat initialized with port(s): 8086 (http)
22:40:10.837 [restartedMain] INFO  org.apache.coyote.http11.Http11NioProtocol - Initializing ProtocolHandler ["http-nio-8086"]
22:40:10.838 [restartedMain] INFO  org.apache.catalina.core.StandardService - Starting service [Tomcat]
22:40:10.840 [restartedMain] INFO  org.apache.catalina.core.StandardEngine - Starting Servlet Engine: Apache Tomcat/8.5.34
22:40:10.884 [localhost-startStop-1] INFO  org.apache.catalina.core.ContainerBase.[Tomcat].[localhost].[/] - Initializing Spring embedded WebApplicationContext
22:40:10.884 [localhost-startStop-1] INFO  org.springframework.web.context.ContextLoader - Root WebApplicationContext: initialization completed in 1565 ms
22:40:11.023 [localhost-startStop-1] INFO  org.springframework.boot.web.servlet.FilterRegistrationBean - Mapping filter: 'characterEncodingFilter' to: [/*]
22:40:11.024 [localhost-startStop-1] INFO  org.springframework.boot.web.servlet.FilterRegistrationBean - Mapping filter: 'hiddenHttpMethodFilter' to: [/*]
22:40:11.024 [localhost-startStop-1] INFO  org.springframework.boot.web.servlet.FilterRegistrationBean - Mapping filter: 'httpPutFormContentFilter' to: [/*]
22:40:11.025 [localhost-startStop-1] INFO  org.springframework.boot.web.servlet.FilterRegistrationBean - Mapping filter: 'requestContextFilter' to: [/*]
22:40:11.025 [localhost-startStop-1] INFO  org.springframework.boot.web.servlet.DelegatingFilterProxyRegistrationBean - Mapping filter: 'springSecurityFilterChain' to: [/*]
22:40:11.026 [localhost-startStop-1] INFO  org.springframework.boot.web.servlet.FilterRegistrationBean - Mapping filter: 'corsFilter' to: [/*]
22:40:11.026 [localhost-startStop-1] INFO  org.springframework.boot.web.servlet.ServletRegistrationBean - Servlet dispatcherServlet mapped to [/]
22:40:11.608 [restartedMain] INFO  org.mongodb.driver.cluster - Cluster created with settings {hosts=[127.0.0.1:27017], mode=SINGLE, requiredClusterType=UNKNOWN, serverSelectionTimeout='30000 ms', maxWaitQueueSize=500}
22:40:11.617 [cluster-ClusterId{value='5be44acb3b399f381c38cff2', description='null'}-127.0.0.1:27017] INFO  org.mongodb.driver.connection - Opened connection [connectionId{localValue:2, serverValue:4}] to 127.0.0.1:27017
22:40:11.620 [cluster-ClusterId{value='5be44acb3b399f381c38cff2', description='null'}-127.0.0.1:27017] INFO  org.mongodb.driver.cluster - Monitor thread successfully connected to server with description ServerDescription{address=127.0.0.1:27017, type=STANDALONE, state=CONNECTED, ok=true, version=ServerVersion{versionList=[3, 4, 9]}, minWireVersion=0, maxWireVersion=5, maxDocumentSize=16777216, logicalSessionTimeoutMinutes=null, roundTripTimeNanos=1451042}
22:40:12.282 [restartedMain] INFO  org.springframework.security.web.DefaultSecurityFilterChain - Creating filter chain: Ant [pattern='/auth', POST], []
22:40:12.282 [restartedMain] INFO  org.springframework.security.web.DefaultSecurityFilterChain - Creating filter chain: Ant [pattern='/', GET], []
22:40:12.283 [restartedMain] INFO  org.springframework.security.web.DefaultSecurityFilterChain - Creating filter chain: Ant [pattern='/*.html', GET], []
22:40:12.283 [restartedMain] INFO  org.springframework.security.web.DefaultSecurityFilterChain - Creating filter chain: Ant [pattern='/favicon.ico', GET], []
22:40:12.283 [restartedMain] INFO  org.springframework.security.web.DefaultSecurityFilterChain - Creating filter chain: Ant [pattern='/**/*.html', GET], []
22:40:12.283 [restartedMain] INFO  org.springframework.security.web.DefaultSecurityFilterChain - Creating filter chain: Ant [pattern='/**/*.css', GET], []
22:40:12.283 [restartedMain] INFO  org.springframework.security.web.DefaultSecurityFilterChain - Creating filter chain: Ant [pattern='/**/*.js', GET], []
22:40:12.284 [restartedMain] INFO  org.springframework.security.web.DefaultSecurityFilterChain - Creating filter chain: Ant [pattern='/images/**', GET], []
22:40:12.284 [restartedMain] INFO  org.springframework.security.web.DefaultSecurityFilterChain - Creating filter chain: Ant [pattern='/js/**', GET], []
22:40:12.284 [restartedMain] INFO  org.springframework.security.web.DefaultSecurityFilterChain - Creating filter chain: Ant [pattern='/static/**', GET], []
22:40:12.339 [restartedMain] INFO  org.springframework.security.web.DefaultSecurityFilterChain - Creating filter chain: org.springframework.security.web.util.matcher.AnyRequestMatcher@1, [org.springframework.security.web.context.request.async.WebAsyncManagerIntegrationFilter@90f45c2, org.springframework.security.web.context.SecurityContextPersistenceFilter@5f2efa55, org.springframework.security.web.header.HeaderWriterFilter@38f50946, org.springframework.web.filter.CorsFilter@3fa47f6e, org.springframework.security.web.authentication.logout.LogoutFilter@7dd560da, com.newer.springboot.security.JwtAuthcaticationTokenFilter@a6fedb8, org.springframework.security.web.savedrequest.RequestCacheAwareFilter@67f90de, org.springframework.security.web.servletapi.SecurityContextHolderAwareRequestFilter@1650066e, org.springframework.security.web.authentication.AnonymousAuthenticationFilter@7455b6be, org.springframework.security.web.session.SessionManagementFilter@22b92af4, org.springframework.security.web.access.ExceptionTranslationFilter@7f04d187, org.springframework.security.web.access.intercept.FilterSecurityInterceptor@3423c8a5]
22:40:12.436 [restartedMain] INFO  org.springframework.web.servlet.handler.SimpleUrlHandlerMapping - Mapped URL path [/**/favicon.ico] onto handler of type [class org.springframework.web.servlet.resource.ResourceHttpRequestHandler]
22:40:12.694 [restartedMain] INFO  org.springframework.web.servlet.mvc.method.annotation.RequestMappingHandlerAdapter - Looking for @ControllerAdvice: org.springframework.boot.web.servlet.context.AnnotationConfigServletWebServerApplicationContext@5e6389cf: startup date [Thu Nov 08 22:40:09 CST 2018]; root of context hierarchy
22:40:12.721 [restartedMain] INFO  org.springframework.web.servlet.mvc.method.annotation.RequestMappingHandlerMapping - Mapped "{[/api/drawbook],methods=[GET]}" onto public org.springframework.http.ResponseEntity<?> com.newer.springboot.controller.bookableController.drawBook(javax.servlet.http.HttpServletRequest)
22:40:12.722 [restartedMain] INFO  org.springframework.web.servlet.mvc.method.annotation.RequestMappingHandlerMapping - Mapped "{[/api/bookdepart],methods=[GET]}" onto public org.springframework.http.ResponseEntity<?> com.newer.springboot.controller.bookableController.bookdepart(javax.servlet.http.HttpServletRequest)
22:40:12.723 [restartedMain] INFO  org.springframework.web.servlet.mvc.method.annotation.RequestMappingHandlerMapping - Mapped "{[/doctors/edit],methods=[PUT]}" onto public org.springframework.http.ResponseEntity<?> com.newer.springboot.controller.DoctorsController.updDoctors(com.newer.springboot.domain.Doctors)
22:40:12.723 [restartedMain] INFO  org.springframework.web.servlet.mvc.method.annotation.RequestMappingHandlerMapping - Mapped "{[/doctors/query],methods=[GET]}" onto public org.springframework.http.ResponseEntity<?> com.newer.springboot.controller.DoctorsController.queryById(java.lang.Integer)
22:40:12.724 [restartedMain] INFO  org.springframework.web.servlet.mvc.method.annotation.RequestMappingHandlerMapping - Mapped "{[/doctors/edit],methods=[POST]}" onto public org.springframework.http.ResponseEntity<?> com.newer.springboot.controller.DoctorsController.addDoctors(com.newer.springboot.domain.Doctors)
22:40:12.725 [restartedMain] INFO  org.springframework.web.servlet.mvc.method.annotation.RequestMappingHandlerMapping - Mapped "{[/doctors/listdeparts],methods=[GET]}" onto public org.springframework.http.ResponseEntity<?> com.newer.springboot.controller.DoctorsController.ListDeparts()
22:40:12.726 [restartedMain] INFO  org.springframework.web.servlet.mvc.method.annotation.RequestMappingHandlerMapping - Mapped "{[/doctors/delete],methods=[DELETE]}" onto public org.springframework.http.ResponseEntity<?> com.newer.springboot.controller.DoctorsController.delDoctors(java.lang.Integer)
22:40:12.726 [restartedMain] INFO  org.springframework.web.servlet.mvc.method.annotation.RequestMappingHandlerMapping - Mapped "{[/doctors/list],methods=[GET]}" onto public org.springframework.http.ResponseEntity<?> com.newer.springboot.controller.DoctorsController.listAll(java.lang.String)
22:40:12.727 [restartedMain] INFO  org.springframework.web.servlet.mvc.method.annotation.RequestMappingHandlerMapping - Mapped "{[/drug/drugschangestate]}" onto public org.springframework.http.ResponseEntity<?> com.newer.springboot.controller.DrugController.changeState(java.lang.Integer,java.lang.Integer)
22:40:12.728 [restartedMain] INFO  org.springframework.web.servlet.mvc.method.annotation.RequestMappingHandlerMapping - Mapped "{[/drug/queryById],methods=[GET]}" onto public org.springframework.http.ResponseEntity<?> com.newer.springboot.controller.DrugController.queryById(java.lang.Integer)
22:40:12.729 [restartedMain] INFO  org.springframework.web.servlet.mvc.method.annotation.RequestMappingHandlerMapping - Mapped "{[/drug/listDT],methods=[GET]}" onto public org.springframework.http.ResponseEntity<?> com.newer.springboot.controller.DrugController.listAllDT()
22:40:12.729 [restartedMain] INFO  org.springframework.web.servlet.mvc.method.annotation.RequestMappingHandlerMapping - Mapped "{[/drug/drugdepart],methods=[GET]}" onto public org.springframework.http.ResponseEntity<?> com.newer.springboot.controller.DrugController.findDrDe(java.lang.Integer)
22:40:12.730 [restartedMain] INFO  org.springframework.web.servlet.mvc.method.annotation.RequestMappingHandlerMapping - Mapped "{[/drug/list],methods=[GET]}" onto public org.springframework.http.ResponseEntity<?> com.newer.springboot.controller.DrugController.listAll(java.lang.Double,java.lang.Double)
22:40:12.731 [restartedMain] INFO  org.springframework.web.servlet.mvc.method.annotation.RequestMappingHandlerMapping - Mapped "{[/drug/delete],methods=[DELETE]}" onto public org.springframework.http.ResponseEntity<?> com.newer.springboot.controller.DrugController.delDrug(java.lang.Integer)
22:40:12.732 [restartedMain] INFO  org.springframework.web.servlet.mvc.method.annotation.RequestMappingHandlerMapping - Mapped "{[/drug/edit],methods=[POST]}" onto public org.springframework.http.ResponseEntity<?> com.newer.springboot.controller.DrugController.addDrug(java.lang.Integer,java.lang.Integer,java.lang.String,java.lang.Integer,java.lang.Double,java.lang.Integer,int[])
22:40:12.732 [restartedMain] INFO  org.springframework.web.servlet.mvc.method.annotation.RequestMappingHandlerMapping - Mapped "{[/drug/listDP],methods=[GET]}" onto public org.springframework.http.ResponseEntity<?> com.newer.springboot.controller.DrugController.listAllDP()
22:40:12.733 [restartedMain] INFO  org.springframework.web.servlet.mvc.method.annotation.RequestMappingHandlerMapping - Mapped "{[/drug/edit],methods=[PUT]}" onto public org.springframework.http.ResponseEntity<?> com.newer.springboot.controller.DrugController.updDrug(java.lang.Integer,java.lang.Integer,java.lang.String,java.lang.Integer,java.lang.Double,java.lang.Integer,int[])
22:40:12.733 [restartedMain] INFO  org.springframework.web.servlet.mvc.method.annotation.RequestMappingHandlerMapping - Mapped "{[/hello]}" onto public java.lang.String com.newer.springboot.controller.HelloController.test()
22:40:12.734 [restartedMain] INFO  org.springframework.web.servlet.mvc.method.annotation.RequestMappingHandlerMapping - Mapped "{[/login],methods=[POST]}" onto public java.lang.String com.newer.springboot.controller.HelloController.login(java.lang.String,java.lang.String)
22:40:12.735 [restartedMain] INFO  org.springframework.web.servlet.mvc.method.annotation.RequestMappingHandlerMapping - Mapped "{[/patients/query],methods=[GET]}" onto public org.springframework.http.ResponseEntity<?> com.newer.springboot.controller.patientsController.queryById(java.lang.Integer)
22:40:12.735 [restartedMain] INFO  org.springframework.web.servlet.mvc.method.annotation.RequestMappingHandlerMapping - Mapped "{[/patients/list],methods=[GET]}" onto public org.springframework.http.ResponseEntity<?> com.newer.springboot.controller.patientsController.listAll(java.lang.String)
22:40:12.736 [restartedMain] INFO  org.springframework.web.servlet.mvc.method.annotation.RequestMappingHandlerMapping - Mapped "{[/patients/delete],methods=[DELETE]}" onto public org.springframework.http.ResponseEntity<?> com.newer.springboot.controller.patientsController.deletePatients(java.lang.Integer)
22:40:12.736 [restartedMain] INFO  org.springframework.web.servlet.mvc.method.annotation.RequestMappingHandlerMapping - Mapped "{[/patients/changePwd],methods=[PUT]}" onto public org.springframework.http.ResponseEntity<?> com.newer.springboot.controller.patientsController.change_pwd(java.lang.Integer,java.lang.String)
22:40:12.736 [restartedMain] INFO  org.springframework.web.servlet.mvc.method.annotation.RequestMappingHandlerMapping - Mapped "{[/patients/edit],methods=[PUT]}" onto public org.springframework.http.ResponseEntity<?> com.newer.springboot.controller.patientsController.updPatients(com.newer.springboot.domain.Patients)
22:40:12.737 [restartedMain] INFO  org.springframework.web.servlet.mvc.method.annotation.RequestMappingHandlerMapping - Mapped "{[/patients/edit],methods=[POST]}" onto public org.springframework.http.ResponseEntity<?> com.newer.springboot.controller.patientsController.addPatients(com.newer.springboot.domain.Patients)
22:40:12.739 [restartedMain] INFO  org.springframework.web.servlet.mvc.method.annotation.RequestMappingHandlerMapping - Mapped "{[/api/auth],methods=[POST]}" onto public org.springframework.http.ResponseEntity<?> com.newer.springboot.security.controller.AuthenticationController.login(com.newer.springboot.security.domain.JwtAuenticationRequest) throws com.newer.springboot.security.exception.AuthenticationException
22:40:12.739 [restartedMain] INFO  org.springframework.web.servlet.mvc.method.annotation.RequestMappingHandlerMapping - Mapped "{[/api/refresh],methods=[GET]}" onto public org.springframework.http.ResponseEntity<?> com.newer.springboot.security.controller.AuthenticationController.refreshAndGetAuthenticationToken(javax.servlet.http.HttpServletRequest)
22:40:12.740 [restartedMain] INFO  org.springframework.web.servlet.mvc.method.annotation.RequestMappingHandlerMapping - Mapped "{[/api/protecteduser],methods=[GET]}" onto public org.springframework.http.ResponseEntity<?> com.newer.springboot.security.controller.MethodProtectedRestController.getProtectedUser()
22:40:12.741 [restartedMain] INFO  org.springframework.web.servlet.mvc.method.annotation.RequestMappingHandlerMapping - Mapped "{[/api/protectedadmin],methods=[GET]}" onto public org.springframework.http.ResponseEntity<?> com.newer.springboot.security.controller.MethodProtectedRestController.getProtectedAdmin()
22:40:12.743 [restartedMain] INFO  org.springframework.web.servlet.mvc.method.annotation.RequestMappingHandlerMapping - Mapped "{[/error]}" onto public org.springframework.http.ResponseEntity<java.util.Map<java.lang.String, java.lang.Object>> org.springframework.boot.autoconfigure.web.servlet.error.BasicErrorController.error(javax.servlet.http.HttpServletRequest)
22:40:12.744 [restartedMain] INFO  org.springframework.web.servlet.mvc.method.annotation.RequestMappingHandlerMapping - Mapped "{[/error],produces=[text/html]}" onto public org.springframework.web.servlet.ModelAndView org.springframework.boot.autoconfigure.web.servlet.error.BasicErrorController.errorHtml(javax.servlet.http.HttpServletRequest,javax.servlet.http.HttpServletResponse)
22:40:12.806 [restartedMain] INFO  org.springframework.web.servlet.handler.SimpleUrlHandlerMapping - Mapped URL path [/webjars/**] onto handler of type [class org.springframework.web.servlet.resource.ResourceHttpRequestHandler]
22:40:12.807 [restartedMain] INFO  org.springframework.web.servlet.handler.SimpleUrlHandlerMapping - Mapped URL path [/**] onto handler of type [class org.springframework.web.servlet.resource.ResourceHttpRequestHandler]
22:40:12.824 [restartedMain] INFO  org.springframework.web.servlet.mvc.method.annotation.ExceptionHandlerExceptionResolver - Detected @ExceptionHandler methods in globalExceptionHandler
22:40:13.586 [restartedMain] INFO  org.springframework.boot.devtools.autoconfigure.OptionalLiveReloadServer - LiveReload server is running on port 35729
22:40:13.639 [restartedMain] INFO  org.apache.coyote.http11.Http11NioProtocol - Starting ProtocolHandler ["http-nio-8086"]
22:40:13.645 [restartedMain] INFO  org.apache.tomcat.util.net.NioSelectorPool - Using a shared selector for servlet write/read
22:40:13.662 [restartedMain] INFO  org.springframework.boot.web.embedded.tomcat.TomcatWebServer - Tomcat started on port(s): 8086 (http) with context path ''
22:40:13.665 [restartedMain] INFO  com.newer.springboot.Application - Started Application in 4.403 seconds (JVM running for 302.408)
22:40:13.671 [restartedMain] INFO  org.springframework.boot.devtools.autoconfigure.ConditionEvaluationDeltaLoggingListener - Condition evaluation unchanged
22:41:40.327 [Thread-32] INFO  org.springframework.boot.web.servlet.context.AnnotationConfigServletWebServerApplicationContext - Closing org.springframework.boot.web.servlet.context.AnnotationConfigServletWebServerApplicationContext@5e6389cf: startup date [Thu Nov 08 22:40:09 CST 2018]; root of context hierarchy
22:41:41.272 [restartedMain] INFO  com.newer.springboot.Application - Starting Application on SW27V960KV9RU60 with PID 14364 (D:\SpringHomeWork\IDEA\springboot\target\classes started by Administrator in D:\SpringHomeWork\IDEA\springboot)
22:41:41.273 [restartedMain] INFO  com.newer.springboot.Application - No active profile set, falling back to default profiles: default
22:41:41.280 [restartedMain] INFO  org.springframework.boot.web.servlet.context.AnnotationConfigServletWebServerApplicationContext - Refreshing org.springframework.boot.web.servlet.context.AnnotationConfigServletWebServerApplicationContext@782f4961: startup date [Thu Nov 08 22:41:41 CST 2018]; root of context hierarchy
22:41:41.945 [restartedMain] INFO  org.springframework.data.repository.config.RepositoryConfigurationDelegate - Multiple Spring Data modules found, entering strict repository configuration mode!
22:41:41.967 [restartedMain] INFO  org.springframework.data.repository.config.RepositoryConfigurationDelegate - Multiple Spring Data modules found, entering strict repository configuration mode!
22:41:41.973 [restartedMain] INFO  org.springframework.data.repository.config.RepositoryConfigurationExtensionSupport - Spring Data Redis - Could not safely identify store assignment for repository candidate interface com.newer.springboot.logback.LogRepository.
22:41:42.078 [restartedMain] INFO  org.springframework.context.support.PostProcessorRegistrationDelegate$BeanPostProcessorChecker - Bean 'org.springframework.transaction.annotation.ProxyTransactionManagementConfiguration' of type [org.springframework.transaction.annotation.ProxyTransactionManagementConfiguration$$EnhancerBySpringCGLIB$$f5b52ebb] is not eligible for getting processed by all BeanPostProcessors (for example: not eligible for auto-proxying)
22:41:42.097 [restartedMain] INFO  org.springframework.context.support.PostProcessorRegistrationDelegate$BeanPostProcessorChecker - Bean 'org.springframework.security.config.annotation.configuration.ObjectPostProcessorConfiguration' of type [org.springframework.security.config.annotation.configuration.ObjectPostProcessorConfiguration$$EnhancerBySpringCGLIB$$8e62f6f5] is not eligible for getting processed by all BeanPostProcessors (for example: not eligible for auto-proxying)
22:41:42.101 [restartedMain] INFO  org.springframework.context.support.PostProcessorRegistrationDelegate$BeanPostProcessorChecker - Bean 'objectPostProcessor' of type [org.springframework.security.config.annotation.configuration.AutowireBeanFactoryObjectPostProcessor] is not eligible for getting processed by all BeanPostProcessors (for example: not eligible for auto-proxying)
22:41:42.103 [restartedMain] INFO  org.springframework.context.support.PostProcessorRegistrationDelegate$BeanPostProcessorChecker - Bean 'org.springframework.security.access.expression.method.DefaultMethodSecurityExpressionHandler@4401e10e' of type [org.springframework.security.access.expression.method.DefaultMethodSecurityExpressionHandler] is not eligible for getting processed by all BeanPostProcessors (for example: not eligible for auto-proxying)
22:41:42.106 [restartedMain] INFO  org.springframework.context.support.PostProcessorRegistrationDelegate$BeanPostProcessorChecker - Bean 'org.springframework.security.config.annotation.method.configuration.GlobalMethodSecurityConfiguration' of type [org.springframework.security.config.annotation.method.configuration.GlobalMethodSecurityConfiguration$$EnhancerBySpringCGLIB$$b33799a7] is not eligible for getting processed by all BeanPostProcessors (for example: not eligible for auto-proxying)
22:41:42.112 [restartedMain] INFO  org.springframework.context.support.PostProcessorRegistrationDelegate$BeanPostProcessorChecker - Bean 'methodSecurityMetadataSource' of type [org.springframework.security.access.method.DelegatingMethodSecurityMetadataSource] is not eligible for getting processed by all BeanPostProcessors (for example: not eligible for auto-proxying)
22:41:42.438 [restartedMain] INFO  org.springframework.boot.web.embedded.tomcat.TomcatWebServer - Tomcat initialized with port(s): 8086 (http)
22:41:42.439 [restartedMain] INFO  org.apache.coyote.http11.Http11NioProtocol - Initializing ProtocolHandler ["http-nio-8086"]
22:41:42.440 [restartedMain] INFO  org.apache.catalina.core.StandardService - Starting service [Tomcat]
22:41:42.440 [restartedMain] INFO  org.apache.catalina.core.StandardEngine - Starting Servlet Engine: Apache Tomcat/8.5.34
22:41:42.466 [localhost-startStop-1] INFO  org.apache.catalina.core.ContainerBase.[Tomcat].[localhost].[/] - Initializing Spring embedded WebApplicationContext
22:41:42.466 [localhost-startStop-1] INFO  org.springframework.web.context.ContextLoader - Root WebApplicationContext: initialization completed in 1186 ms
22:41:42.522 [localhost-startStop-1] INFO  org.springframework.boot.web.servlet.FilterRegistrationBean - Mapping filter: 'characterEncodingFilter' to: [/*]
22:41:42.522 [localhost-startStop-1] INFO  org.springframework.boot.web.servlet.FilterRegistrationBean - Mapping filter: 'hiddenHttpMethodFilter' to: [/*]
22:41:42.522 [localhost-startStop-1] INFO  org.springframework.boot.web.servlet.FilterRegistrationBean - Mapping filter: 'httpPutFormContentFilter' to: [/*]
22:41:42.522 [localhost-startStop-1] INFO  org.springframework.boot.web.servlet.FilterRegistrationBean - Mapping filter: 'requestContextFilter' to: [/*]
22:41:42.523 [localhost-startStop-1] INFO  org.springframework.boot.web.servlet.DelegatingFilterProxyRegistrationBean - Mapping filter: 'springSecurityFilterChain' to: [/*]
22:41:42.523 [localhost-startStop-1] INFO  org.springframework.boot.web.servlet.FilterRegistrationBean - Mapping filter: 'corsFilter' to: [/*]
22:41:42.523 [localhost-startStop-1] INFO  org.springframework.boot.web.servlet.ServletRegistrationBean - Servlet dispatcherServlet mapped to [/]
22:41:42.843 [restartedMain] INFO  org.mongodb.driver.cluster - Cluster created with settings {hosts=[127.0.0.1:27017], mode=SINGLE, requiredClusterType=UNKNOWN, serverSelectionTimeout='30000 ms', maxWaitQueueSize=500}
22:41:42.852 [cluster-ClusterId{value='5be44b263b399f381c38cff3', description='null'}-127.0.0.1:27017] INFO  org.mongodb.driver.connection - Opened connection [connectionId{localValue:3, serverValue:5}] to 127.0.0.1:27017
22:41:42.854 [cluster-ClusterId{value='5be44b263b399f381c38cff3', description='null'}-127.0.0.1:27017] INFO  org.mongodb.driver.cluster - Monitor thread successfully connected to server with description ServerDescription{address=127.0.0.1:27017, type=STANDALONE, state=CONNECTED, ok=true, version=ServerVersion{versionList=[3, 4, 9]}, minWireVersion=0, maxWireVersion=5, maxDocumentSize=16777216, logicalSessionTimeoutMinutes=null, roundTripTimeNanos=1413661}
22:41:43.219 [restartedMain] INFO  org.springframework.security.web.DefaultSecurityFilterChain - Creating filter chain: Ant [pattern='/auth', POST], []
22:41:43.219 [restartedMain] INFO  org.springframework.security.web.DefaultSecurityFilterChain - Creating filter chain: Ant [pattern='/', GET], []
22:41:43.219 [restartedMain] INFO  org.springframework.security.web.DefaultSecurityFilterChain - Creating filter chain: Ant [pattern='/*.html', GET], []
22:41:43.219 [restartedMain] INFO  org.springframework.security.web.DefaultSecurityFilterChain - Creating filter chain: Ant [pattern='/favicon.ico', GET], []
22:41:43.220 [restartedMain] INFO  org.springframework.security.web.DefaultSecurityFilterChain - Creating filter chain: Ant [pattern='/**/*.html', GET], []
22:41:43.220 [restartedMain] INFO  org.springframework.security.web.DefaultSecurityFilterChain - Creating filter chain: Ant [pattern='/**/*.css', GET], []
22:41:43.220 [restartedMain] INFO  org.springframework.security.web.DefaultSecurityFilterChain - Creating filter chain: Ant [pattern='/**/*.js', GET], []
22:41:43.221 [restartedMain] INFO  org.springframework.security.web.DefaultSecurityFilterChain - Creating filter chain: Ant [pattern='/images/**', GET], []
22:41:43.221 [restartedMain] INFO  org.springframework.security.web.DefaultSecurityFilterChain - Creating filter chain: Ant [pattern='/js/**', GET], []
22:41:43.221 [restartedMain] INFO  org.springframework.security.web.DefaultSecurityFilterChain - Creating filter chain: Ant [pattern='/static/**', GET], []
22:41:43.257 [restartedMain] INFO  org.springframework.security.web.DefaultSecurityFilterChain - Creating filter chain: org.springframework.security.web.util.matcher.AnyRequestMatcher@1, [org.springframework.security.web.context.request.async.WebAsyncManagerIntegrationFilter@3848499, org.springframework.security.web.context.SecurityContextPersistenceFilter@23feafd5, org.springframework.security.web.header.HeaderWriterFilter@10ef60a5, org.springframework.web.filter.CorsFilter@5c8c4b4a, org.springframework.security.web.authentication.logout.LogoutFilter@fb5b51, com.newer.springboot.security.JwtAuthcaticationTokenFilter@10e935e0, org.springframework.security.web.savedrequest.RequestCacheAwareFilter@59b65baf, org.springframework.security.web.servletapi.SecurityContextHolderAwareRequestFilter@32b7e274, org.springframework.security.web.authentication.AnonymousAuthenticationFilter@65ebd82, org.springframework.security.web.session.SessionManagementFilter@28f351b2, org.springframework.security.web.access.ExceptionTranslationFilter@59646ad7, org.springframework.security.web.access.intercept.FilterSecurityInterceptor@520e633b]
22:41:43.319 [restartedMain] INFO  org.springframework.web.servlet.handler.SimpleUrlHandlerMapping - Mapped URL path [/**/favicon.ico] onto handler of type [class org.springframework.web.servlet.resource.ResourceHttpRequestHandler]
22:41:43.564 [restartedMain] INFO  org.springframework.web.servlet.mvc.method.annotation.RequestMappingHandlerAdapter - Looking for @ControllerAdvice: org.springframework.boot.web.servlet.context.AnnotationConfigServletWebServerApplicationContext@782f4961: startup date [Thu Nov 08 22:41:41 CST 2018]; root of context hierarchy
22:41:43.590 [restartedMain] INFO  org.springframework.web.servlet.mvc.method.annotation.RequestMappingHandlerMapping - Mapped "{[/api/changePwd],methods=[POST]}" onto public org.springframework.http.ResponseEntity<?> com.newer.springboot.controller.AdminsController.change_Pwd(java.lang.String,java.lang.String,java.lang.String,javax.servlet.http.HttpServletRequest)
22:41:43.590 [restartedMain] INFO  org.springframework.web.servlet.mvc.method.annotation.RequestMappingHandlerMapping - Mapped "{[/api/getUser],methods=[GET]}" onto public org.springframework.http.ResponseEntity<com.newer.springboot.security.domain.JwtUser> com.newer.springboot.controller.AdminsController.getUser(javax.servlet.http.HttpServletRequest)
22:41:43.591 [restartedMain] INFO  org.springframework.web.servlet.mvc.method.annotation.RequestMappingHandlerMapping - Mapped "{[/api/users],methods=[GET]}" onto public org.springframework.http.ResponseEntity<?> com.newer.springboot.controller.AdminsController.login(java.lang.String,java.lang.String,javax.servlet.http.HttpSession)
22:41:43.591 [restartedMain] INFO  org.springframework.web.servlet.mvc.method.annotation.RequestMappingHandlerMapping - Mapped "{[/api/userSession],methods=[GET]}" onto public org.springframework.http.ResponseEntity<?> com.newer.springboot.controller.AdminsController.userSession(javax.servlet.http.HttpSession)
22:41:43.591 [restartedMain] INFO  org.springframework.web.servlet.mvc.method.annotation.RequestMappingHandlerMapping - Mapped "{[/api/drawbook],methods=[GET]}" onto public org.springframework.http.ResponseEntity<?> com.newer.springboot.controller.bookableController.drawBook(javax.servlet.http.HttpServletRequest)
22:41:43.592 [restartedMain] INFO  org.springframework.web.servlet.mvc.method.annotation.RequestMappingHandlerMapping - Mapped "{[/api/bookdepart],methods=[GET]}" onto public org.springframework.http.ResponseEntity<?> com.newer.springboot.controller.bookableController.bookdepart(javax.servlet.http.HttpServletRequest)
22:41:43.593 [restartedMain] INFO  org.springframework.web.servlet.mvc.method.annotation.RequestMappingHandlerMapping - Mapped "{[/doctors/edit],methods=[PUT]}" onto public org.springframework.http.ResponseEntity<?> com.newer.springboot.controller.DoctorsController.updDoctors(com.newer.springboot.domain.Doctors)
22:41:43.593 [restartedMain] INFO  org.springframework.web.servlet.mvc.method.annotation.RequestMappingHandlerMapping - Mapped "{[/doctors/query],methods=[GET]}" onto public org.springframework.http.ResponseEntity<?> com.newer.springboot.controller.DoctorsController.queryById(java.lang.Integer)
22:41:43.593 [restartedMain] INFO  org.springframework.web.servlet.mvc.method.annotation.RequestMappingHandlerMapping - Mapped "{[/doctors/edit],methods=[POST]}" onto public org.springframework.http.ResponseEntity<?> com.newer.springboot.controller.DoctorsController.addDoctors(com.newer.springboot.domain.Doctors)
22:41:43.594 [restartedMain] INFO  org.springframework.web.servlet.mvc.method.annotation.RequestMappingHandlerMapping - Mapped "{[/doctors/listdeparts],methods=[GET]}" onto public org.springframework.http.ResponseEntity<?> com.newer.springboot.controller.DoctorsController.ListDeparts()
22:41:43.594 [restartedMain] INFO  org.springframework.web.servlet.mvc.method.annotation.RequestMappingHandlerMapping - Mapped "{[/doctors/delete],methods=[DELETE]}" onto public org.springframework.http.ResponseEntity<?> com.newer.springboot.controller.DoctorsController.delDoctors(java.lang.Integer)
22:41:43.594 [restartedMain] INFO  org.springframework.web.servlet.mvc.method.annotation.RequestMappingHandlerMapping - Mapped "{[/doctors/list],methods=[GET]}" onto public org.springframework.http.ResponseEntity<?> com.newer.springboot.controller.DoctorsController.listAll(java.lang.String)
22:41:43.596 [restartedMain] INFO  org.springframework.web.servlet.mvc.method.annotation.RequestMappingHandlerMapping - Mapped "{[/drug/drugschangestate]}" onto public org.springframework.http.ResponseEntity<?> com.newer.springboot.controller.DrugController.changeState(java.lang.Integer,java.lang.Integer)
22:41:43.597 [restartedMain] INFO  org.springframework.web.servlet.mvc.method.annotation.RequestMappingHandlerMapping - Mapped "{[/drug/queryById],methods=[GET]}" onto public org.springframework.http.ResponseEntity<?> com.newer.springboot.controller.DrugController.queryById(java.lang.Integer)
22:41:43.599 [restartedMain] INFO  org.springframework.web.servlet.mvc.method.annotation.RequestMappingHandlerMapping - Mapped "{[/drug/listDT],methods=[GET]}" onto public org.springframework.http.ResponseEntity<?> com.newer.springboot.controller.DrugController.listAllDT()
22:41:43.599 [restartedMain] INFO  org.springframework.web.servlet.mvc.method.annotation.RequestMappingHandlerMapping - Mapped "{[/drug/drugdepart],methods=[GET]}" onto public org.springframework.http.ResponseEntity<?> com.newer.springboot.controller.DrugController.findDrDe(java.lang.Integer)
22:41:43.600 [restartedMain] INFO  org.springframework.web.servlet.mvc.method.annotation.RequestMappingHandlerMapping - Mapped "{[/drug/list],methods=[GET]}" onto public org.springframework.http.ResponseEntity<?> com.newer.springboot.controller.DrugController.listAll(java.lang.Double,java.lang.Double)
22:41:43.600 [restartedMain] INFO  org.springframework.web.servlet.mvc.method.annotation.RequestMappingHandlerMapping - Mapped "{[/drug/delete],methods=[DELETE]}" onto public org.springframework.http.ResponseEntity<?> com.newer.springboot.controller.DrugController.delDrug(java.lang.Integer)
22:41:43.600 [restartedMain] INFO  org.springframework.web.servlet.mvc.method.annotation.RequestMappingHandlerMapping - Mapped "{[/drug/edit],methods=[POST]}" onto public org.springframework.http.ResponseEntity<?> com.newer.springboot.controller.DrugController.addDrug(java.lang.Integer,java.lang.Integer,java.lang.String,java.lang.Integer,java.lang.Double,java.lang.Integer,int[])
22:41:43.601 [restartedMain] INFO  org.springframework.web.servlet.mvc.method.annotation.RequestMappingHandlerMapping - Mapped "{[/drug/listDP],methods=[GET]}" onto public org.springframework.http.ResponseEntity<?> com.newer.springboot.controller.DrugController.listAllDP()
22:41:43.602 [restartedMain] INFO  org.springframework.web.servlet.mvc.method.annotation.RequestMappingHandlerMapping - Mapped "{[/drug/edit],methods=[PUT]}" onto public org.springframework.http.ResponseEntity<?> com.newer.springboot.controller.DrugController.updDrug(java.lang.Integer,java.lang.Integer,java.lang.String,java.lang.Integer,java.lang.Double,java.lang.Integer,int[])
22:41:43.602 [restartedMain] INFO  org.springframework.web.servlet.mvc.method.annotation.RequestMappingHandlerMapping - Mapped "{[/hello]}" onto public java.lang.String com.newer.springboot.controller.HelloController.test()
22:41:43.603 [restartedMain] INFO  org.springframework.web.servlet.mvc.method.annotation.RequestMappingHandlerMapping - Mapped "{[/login],methods=[POST]}" onto public java.lang.String com.newer.springboot.controller.HelloController.login(java.lang.String,java.lang.String)
22:41:43.603 [restartedMain] INFO  org.springframework.web.servlet.mvc.method.annotation.RequestMappingHandlerMapping - Mapped "{[/patients/query],methods=[GET]}" onto public org.springframework.http.ResponseEntity<?> com.newer.springboot.controller.patientsController.queryById(java.lang.Integer)
22:41:43.604 [restartedMain] INFO  org.springframework.web.servlet.mvc.method.annotation.RequestMappingHandlerMapping - Mapped "{[/patients/list],methods=[GET]}" onto public org.springframework.http.ResponseEntity<?> com.newer.springboot.controller.patientsController.listAll(java.lang.String)
22:41:43.605 [restartedMain] INFO  org.springframework.web.servlet.mvc.method.annotation.RequestMappingHandlerMapping - Mapped "{[/patients/delete],methods=[DELETE]}" onto public org.springframework.http.ResponseEntity<?> com.newer.springboot.controller.patientsController.deletePatients(java.lang.Integer)
22:41:43.605 [restartedMain] INFO  org.springframework.web.servlet.mvc.method.annotation.RequestMappingHandlerMapping - Mapped "{[/patients/changePwd],methods=[PUT]}" onto public org.springframework.http.ResponseEntity<?> com.newer.springboot.controller.patientsController.change_pwd(java.lang.Integer,java.lang.String)
22:41:43.605 [restartedMain] INFO  org.springframework.web.servlet.mvc.method.annotation.RequestMappingHandlerMapping - Mapped "{[/patients/edit],methods=[PUT]}" onto public org.springframework.http.ResponseEntity<?> com.newer.springboot.controller.patientsController.updPatients(com.newer.springboot.domain.Patients)
22:41:43.605 [restartedMain] INFO  org.springframework.web.servlet.mvc.method.annotation.RequestMappingHandlerMapping - Mapped "{[/patients/edit],methods=[POST]}" onto public org.springframework.http.ResponseEntity<?> com.newer.springboot.controller.patientsController.addPatients(com.newer.springboot.domain.Patients)
22:41:43.606 [restartedMain] INFO  org.springframework.web.servlet.mvc.method.annotation.RequestMappingHandlerMapping - Mapped "{[/api/auth],methods=[POST]}" onto public org.springframework.http.ResponseEntity<?> com.newer.springboot.security.controller.AuthenticationController.login(com.newer.springboot.security.domain.JwtAuenticationRequest) throws com.newer.springboot.security.exception.AuthenticationException
22:41:43.606 [restartedMain] INFO  org.springframework.web.servlet.mvc.method.annotation.RequestMappingHandlerMapping - Mapped "{[/api/refresh],methods=[GET]}" onto public org.springframework.http.ResponseEntity<?> com.newer.springboot.security.controller.AuthenticationController.refreshAndGetAuthenticationToken(javax.servlet.http.HttpServletRequest)
22:41:43.607 [restartedMain] INFO  org.springframework.web.servlet.mvc.method.annotation.RequestMappingHandlerMapping - Mapped "{[/api/protecteduser],methods=[GET]}" onto public org.springframework.http.ResponseEntity<?> com.newer.springboot.security.controller.MethodProtectedRestController.getProtectedUser()
22:41:43.607 [restartedMain] INFO  org.springframework.web.servlet.mvc.method.annotation.RequestMappingHandlerMapping - Mapped "{[/api/protectedadmin],methods=[GET]}" onto public org.springframework.http.ResponseEntity<?> com.newer.springboot.security.controller.MethodProtectedRestController.getProtectedAdmin()
22:41:43.609 [restartedMain] INFO  org.springframework.web.servlet.mvc.method.annotation.RequestMappingHandlerMapping - Mapped "{[/error]}" onto public org.springframework.http.ResponseEntity<java.util.Map<java.lang.String, java.lang.Object>> org.springframework.boot.autoconfigure.web.servlet.error.BasicErrorController.error(javax.servlet.http.HttpServletRequest)
22:41:43.609 [restartedMain] INFO  org.springframework.web.servlet.mvc.method.annotation.RequestMappingHandlerMapping - Mapped "{[/error],produces=[text/html]}" onto public org.springframework.web.servlet.ModelAndView org.springframework.boot.autoconfigure.web.servlet.error.BasicErrorController.errorHtml(javax.servlet.http.HttpServletRequest,javax.servlet.http.HttpServletResponse)
22:41:43.652 [restartedMain] INFO  org.springframework.web.servlet.handler.SimpleUrlHandlerMapping - Mapped URL path [/webjars/**] onto handler of type [class org.springframework.web.servlet.resource.ResourceHttpRequestHandler]
22:41:43.652 [restartedMain] INFO  org.springframework.web.servlet.handler.SimpleUrlHandlerMapping - Mapped URL path [/**] onto handler of type [class org.springframework.web.servlet.resource.ResourceHttpRequestHandler]
22:41:43.664 [restartedMain] INFO  org.springframework.web.servlet.mvc.method.annotation.ExceptionHandlerExceptionResolver - Detected @ExceptionHandler methods in globalExceptionHandler
22:41:44.097 [restartedMain] INFO  org.springframework.boot.devtools.autoconfigure.OptionalLiveReloadServer - LiveReload server is running on port 35729
22:41:44.132 [restartedMain] INFO  org.apache.coyote.http11.Http11NioProtocol - Starting ProtocolHandler ["http-nio-8086"]
22:41:44.138 [restartedMain] INFO  org.apache.tomcat.util.net.NioSelectorPool - Using a shared selector for servlet write/read
22:41:44.147 [restartedMain] INFO  org.springframework.boot.web.embedded.tomcat.TomcatWebServer - Tomcat started on port(s): 8086 (http) with context path ''
22:41:44.148 [restartedMain] INFO  com.newer.springboot.Application - Started Application in 2.954 seconds (JVM running for 392.892)
22:41:44.152 [restartedMain] INFO  org.springframework.boot.devtools.autoconfigure.ConditionEvaluationDeltaLoggingListener - Condition evaluation unchanged
