16:26:26.346 [restartedMain] INFO  com.newer.springboot.Application - Starting Application on SW27V960KV9RU60 with PID 15152 (D:\SpringHomeWork\IDEA\springboot\target\classes started by Administrator in D:\SpringHomeWork\IDEA\springboot)
16:26:26.356 [restartedMain] INFO  com.newer.springboot.Application - No active profile set, falling back to default profiles: default
16:26:26.421 [restartedMain] INFO  org.springframework.boot.web.servlet.context.AnnotationConfigServletWebServerApplicationContext - Refreshing org.springframework.boot.web.servlet.context.AnnotationConfigServletWebServerApplicationContext@3e110d82: startup date [Sun Nov 11 16:26:26 CST 2018]; root of context hierarchy
16:26:28.114 [restartedMain] INFO  org.springframework.data.repository.config.RepositoryConfigurationDelegate - Multiple Spring Data modules found, entering strict repository configuration mode!
16:26:28.189 [restartedMain] INFO  org.springframework.data.repository.config.RepositoryConfigurationDelegate - Multiple Spring Data modules found, entering strict repository configuration mode!
16:26:28.200 [restartedMain] INFO  org.springframework.data.repository.config.RepositoryConfigurationExtensionSupport - Spring Data Redis - Could not safely identify store assignment for repository candidate interface com.newer.springboot.logback.LogRepository.
16:26:28.619 [restartedMain] INFO  org.springframework.context.support.PostProcessorRegistrationDelegate$BeanPostProcessorChecker - Bean 'org.springframework.transaction.annotation.ProxyTransactionManagementConfiguration' of type [org.springframework.transaction.annotation.ProxyTransactionManagementConfiguration$$EnhancerBySpringCGLIB$$49106bf8] is not eligible for getting processed by all BeanPostProcessors (for example: not eligible for auto-proxying)
16:26:28.808 [restartedMain] INFO  org.springframework.context.support.PostProcessorRegistrationDelegate$BeanPostProcessorChecker - Bean 'org.springframework.security.config.annotation.configuration.ObjectPostProcessorConfiguration' of type [org.springframework.security.config.annotation.configuration.ObjectPostProcessorConfiguration$$EnhancerBySpringCGLIB$$e1be3432] is not eligible for getting processed by all BeanPostProcessors (for example: not eligible for auto-proxying)
16:26:28.817 [restartedMain] INFO  org.springframework.context.support.PostProcessorRegistrationDelegate$BeanPostProcessorChecker - Bean 'objectPostProcessor' of type [org.springframework.security.config.annotation.configuration.AutowireBeanFactoryObjectPostProcessor] is not eligible for getting processed by all BeanPostProcessors (for example: not eligible for auto-proxying)
16:26:28.821 [restartedMain] INFO  org.springframework.context.support.PostProcessorRegistrationDelegate$BeanPostProcessorChecker - Bean 'org.springframework.security.access.expression.method.DefaultMethodSecurityExpressionHandler@7ff0b0a6' of type [org.springframework.security.access.expression.method.DefaultMethodSecurityExpressionHandler] is not eligible for getting processed by all BeanPostProcessors (for example: not eligible for auto-proxying)
16:26:28.827 [restartedMain] INFO  org.springframework.context.support.PostProcessorRegistrationDelegate$BeanPostProcessorChecker - Bean 'org.springframework.security.config.annotation.method.configuration.GlobalMethodSecurityConfiguration' of type [org.springframework.security.config.annotation.method.configuration.GlobalMethodSecurityConfiguration$$EnhancerBySpringCGLIB$$692d6e4] is not eligible for getting processed by all BeanPostProcessors (for example: not eligible for auto-proxying)
16:26:28.844 [restartedMain] INFO  org.springframework.context.support.PostProcessorRegistrationDelegate$BeanPostProcessorChecker - Bean 'methodSecurityMetadataSource' of type [org.springframework.security.access.method.DelegatingMethodSecurityMetadataSource] is not eligible for getting processed by all BeanPostProcessors (for example: not eligible for auto-proxying)
16:26:29.410 [restartedMain] INFO  org.springframework.boot.web.embedded.tomcat.TomcatWebServer - Tomcat initialized with port(s): 8086 (http)
16:26:29.420 [restartedMain] INFO  org.apache.coyote.http11.Http11NioProtocol - Initializing ProtocolHandler ["http-nio-8086"]
16:26:29.428 [restartedMain] INFO  org.apache.catalina.core.StandardService - Starting service [Tomcat]
16:26:29.429 [restartedMain] INFO  org.apache.catalina.core.StandardEngine - Starting Servlet Engine: Apache Tomcat/8.5.34
16:26:29.432 [localhost-startStop-1] INFO  org.apache.catalina.core.AprLifecycleListener - The APR based Apache Tomcat Native library which allows optimal performance in production environments was not found on the java.library.path: [D:\jdk1.8.0_40\jdk1.8.0_40\bin;C:\Windows\Sun\Java\bin;C:\Windows\system32;C:\Windows;D:\MongoDB\Server\3.4\bin;D:\tomcat7\apache-tomcat-7.0.90;D:\app\Administrator\product\11.2.0\dbhome_1\bin;D:\app\Administrator\OraHome_1\bin;D:\app\wyj\product\12.2.0\dbhome_1\bin;D:\jdk1.8.0_40\jdk1.8.0_40\bin;C:\Windows\system32;C:\Windows;C:\Windows\System32\Wbem;C:\Windows\System32\WindowsPowerShell\v1.0\;D:\Program Files\Microsoft SQL Server\110\DTS\Binn\;D:\Program Files (x86)\Microsoft SQL Server\110\Tools\Binn\;D:\Program Files\Microsoft SQL Server\110\Tools\Binn\;D:\Program Files (x86)\Microsoft SQL Server\110\Tools\Binn\ManagementStudio\;C:\Program Files (x86)\Microsoft Visual Studio 10.0\Common7\IDE\PrivateAssemblies\;D:\Program Files (x86)\Microsoft SQL Server\110\DTS\Binn\;C:\Windows\system32\config\systemprofile\.dnx\bin;C:\Program Files\Microsoft DNX\Dnvm\;C:\Program Files\TortoiseSVN\bin;C:\Program Files (x86)\VisualSVN\bin;D:\Program Files\Microsoft SQL Server\130\Tools\Binn\;D:\Program Files\apache-maven-3.5.4\bin;D:\Program Files\nodejs\;C:\Users\Administrator\AppData\Local\Microsoft\WindowsApps;C:\Users\Administrator\AppData\Roaming\npm;D:\MongoDB\Server\3.4\bin;.]
16:26:29.514 [localhost-startStop-1] INFO  org.apache.catalina.core.ContainerBase.[Tomcat].[localhost].[/] - Initializing Spring embedded WebApplicationContext
16:26:29.515 [localhost-startStop-1] INFO  org.springframework.web.context.ContextLoader - Root WebApplicationContext: initialization completed in 3094 ms
16:26:29.638 [localhost-startStop-1] INFO  org.springframework.boot.web.servlet.FilterRegistrationBean - Mapping filter: 'characterEncodingFilter' to: [/*]
16:26:29.639 [localhost-startStop-1] INFO  org.springframework.boot.web.servlet.FilterRegistrationBean - Mapping filter: 'hiddenHttpMethodFilter' to: [/*]
16:26:29.639 [localhost-startStop-1] INFO  org.springframework.boot.web.servlet.FilterRegistrationBean - Mapping filter: 'httpPutFormContentFilter' to: [/*]
16:26:29.639 [localhost-startStop-1] INFO  org.springframework.boot.web.servlet.FilterRegistrationBean - Mapping filter: 'requestContextFilter' to: [/*]
16:26:29.639 [localhost-startStop-1] INFO  org.springframework.boot.web.servlet.DelegatingFilterProxyRegistrationBean - Mapping filter: 'springSecurityFilterChain' to: [/*]
16:26:29.640 [localhost-startStop-1] INFO  org.springframework.boot.web.servlet.FilterRegistrationBean - Mapping filter: 'corsFilter' to: [/*]
16:26:29.640 [localhost-startStop-1] INFO  org.springframework.boot.web.servlet.ServletRegistrationBean - Servlet dispatcherServlet mapped to [/]
16:26:30.695 [restartedMain] INFO  org.mongodb.driver.cluster - Cluster created with settings {hosts=[127.0.0.1:27017], mode=SINGLE, requiredClusterType=UNKNOWN, serverSelectionTimeout='30000 ms', maxWaitQueueSize=500}
16:26:30.749 [cluster-ClusterId{value='5be7e7b6cbb4753b30c94225', description='null'}-127.0.0.1:27017] INFO  org.mongodb.driver.connection - Opened connection [connectionId{localValue:1, serverValue:13}] to 127.0.0.1:27017
16:26:30.752 [cluster-ClusterId{value='5be7e7b6cbb4753b30c94225', description='null'}-127.0.0.1:27017] INFO  org.mongodb.driver.cluster - Monitor thread successfully connected to server with description ServerDescription{address=127.0.0.1:27017, type=STANDALONE, state=CONNECTED, ok=true, version=ServerVersion{versionList=[3, 4, 9]}, minWireVersion=0, maxWireVersion=5, maxDocumentSize=16777216, logicalSessionTimeoutMinutes=null, roundTripTimeNanos=2112565}
16:26:31.401 [restartedMain] INFO  org.springframework.security.web.DefaultSecurityFilterChain - Creating filter chain: Ant [pattern='/auth', POST], []
16:26:31.401 [restartedMain] INFO  org.springframework.security.web.DefaultSecurityFilterChain - Creating filter chain: Ant [pattern='/', GET], []
16:26:31.401 [restartedMain] INFO  org.springframework.security.web.DefaultSecurityFilterChain - Creating filter chain: Ant [pattern='/*.html', GET], []
16:26:31.401 [restartedMain] INFO  org.springframework.security.web.DefaultSecurityFilterChain - Creating filter chain: Ant [pattern='/favicon.ico', GET], []
16:26:31.402 [restartedMain] INFO  org.springframework.security.web.DefaultSecurityFilterChain - Creating filter chain: Ant [pattern='/**/*.html', GET], []
16:26:31.402 [restartedMain] INFO  org.springframework.security.web.DefaultSecurityFilterChain - Creating filter chain: Ant [pattern='/**/*.css', GET], []
16:26:31.402 [restartedMain] INFO  org.springframework.security.web.DefaultSecurityFilterChain - Creating filter chain: Ant [pattern='/**/*.js', GET], []
16:26:31.402 [restartedMain] INFO  org.springframework.security.web.DefaultSecurityFilterChain - Creating filter chain: Ant [pattern='/images/**', GET], []
16:26:31.402 [restartedMain] INFO  org.springframework.security.web.DefaultSecurityFilterChain - Creating filter chain: Ant [pattern='/js/**', GET], []
16:26:31.402 [restartedMain] INFO  org.springframework.security.web.DefaultSecurityFilterChain - Creating filter chain: Ant [pattern='/static/**', GET], []
16:26:31.478 [restartedMain] INFO  org.springframework.security.web.DefaultSecurityFilterChain - Creating filter chain: org.springframework.security.web.util.matcher.AnyRequestMatcher@1, [org.springframework.security.web.context.request.async.WebAsyncManagerIntegrationFilter@2949b8d7, org.springframework.security.web.context.SecurityContextPersistenceFilter@63f575b5, org.springframework.security.web.header.HeaderWriterFilter@577cccdb, org.springframework.web.filter.CorsFilter@15aa1f, org.springframework.security.web.authentication.logout.LogoutFilter@2bf14588, com.newer.springboot.security.JwtAuthcaticationTokenFilter@e63feff, org.springframework.security.web.savedrequest.RequestCacheAwareFilter@7bc3dd66, org.springframework.security.web.servletapi.SecurityContextHolderAwareRequestFilter@6e77231f, org.springframework.security.web.authentication.AnonymousAuthenticationFilter@b0c42cb, org.springframework.security.web.session.SessionManagementFilter@3173149d, org.springframework.security.web.access.ExceptionTranslationFilter@2fe57ab5, org.springframework.security.web.access.intercept.FilterSecurityInterceptor@5a3fa65f]
16:26:31.576 [restartedMain] INFO  org.springframework.web.servlet.handler.SimpleUrlHandlerMapping - Mapped URL path [/**/favicon.ico] onto handler of type [class org.springframework.web.servlet.resource.ResourceHttpRequestHandler]
16:26:31.920 [restartedMain] INFO  org.springframework.web.servlet.mvc.method.annotation.RequestMappingHandlerAdapter - Looking for @ControllerAdvice: org.springframework.boot.web.servlet.context.AnnotationConfigServletWebServerApplicationContext@3e110d82: startup date [Sun Nov 11 16:26:26 CST 2018]; root of context hierarchy
16:26:31.982 [restartedMain] INFO  org.springframework.web.servlet.mvc.method.annotation.RequestMappingHandlerMapping - Mapped "{[/api/users],methods=[GET]}" onto public org.springframework.http.ResponseEntity<?> com.newer.springboot.controller.AdminsController.login(java.lang.String,java.lang.String,javax.servlet.http.HttpSession)
16:26:31.983 [restartedMain] INFO  org.springframework.web.servlet.mvc.method.annotation.RequestMappingHandlerMapping - Mapped "{[/api/changePwd],methods=[POST]}" onto public org.springframework.http.ResponseEntity<?> com.newer.springboot.controller.AdminsController.change_Pwd(java.lang.String,java.lang.String,java.lang.String,javax.servlet.http.HttpServletRequest)
16:26:31.983 [restartedMain] INFO  org.springframework.web.servlet.mvc.method.annotation.RequestMappingHandlerMapping - Mapped "{[/api/userSession],methods=[GET]}" onto public org.springframework.http.ResponseEntity<?> com.newer.springboot.controller.AdminsController.userSession(javax.servlet.http.HttpSession)
16:26:31.983 [restartedMain] INFO  org.springframework.web.servlet.mvc.method.annotation.RequestMappingHandlerMapping - Mapped "{[/api/getUser],methods=[GET]}" onto public org.springframework.http.ResponseEntity<com.newer.springboot.security.domain.JwtUser> com.newer.springboot.controller.AdminsController.getUser(javax.servlet.http.HttpServletRequest)
16:26:31.984 [restartedMain] INFO  org.springframework.web.servlet.mvc.method.annotation.RequestMappingHandlerMapping - Mapped "{[/api/drawbook],methods=[GET]}" onto public org.springframework.http.ResponseEntity<?> com.newer.springboot.controller.bookableController.drawBook(javax.servlet.http.HttpServletRequest)
16:26:31.984 [restartedMain] INFO  org.springframework.web.servlet.mvc.method.annotation.RequestMappingHandlerMapping - Mapped "{[/api/bookdepart],methods=[GET]}" onto public org.springframework.http.ResponseEntity<?> com.newer.springboot.controller.bookableController.bookdepart(javax.servlet.http.HttpServletRequest)
16:26:31.987 [restartedMain] INFO  org.springframework.web.servlet.mvc.method.annotation.RequestMappingHandlerMapping - Mapped "{[/doctors/edit],methods=[PUT]}" onto public org.springframework.http.ResponseEntity<?> com.newer.springboot.controller.DoctorsController.updDoctors(com.newer.springboot.domain.Doctors)
16:26:31.988 [restartedMain] INFO  org.springframework.web.servlet.mvc.method.annotation.RequestMappingHandlerMapping - Mapped "{[/doctors/query],methods=[GET]}" onto public org.springframework.http.ResponseEntity<?> com.newer.springboot.controller.DoctorsController.queryById(java.lang.Integer)
16:26:31.988 [restartedMain] INFO  org.springframework.web.servlet.mvc.method.annotation.RequestMappingHandlerMapping - Mapped "{[/doctors/edit],methods=[POST]}" onto public org.springframework.http.ResponseEntity<?> com.newer.springboot.controller.DoctorsController.addDoctors(com.newer.springboot.domain.Doctors)
16:26:31.988 [restartedMain] INFO  org.springframework.web.servlet.mvc.method.annotation.RequestMappingHandlerMapping - Mapped "{[/doctors/list],methods=[GET]}" onto public org.springframework.http.ResponseEntity<?> com.newer.springboot.controller.DoctorsController.listAll(java.lang.String)
16:26:31.989 [restartedMain] INFO  org.springframework.web.servlet.mvc.method.annotation.RequestMappingHandlerMapping - Mapped "{[/doctors/delete],methods=[DELETE]}" onto public org.springframework.http.ResponseEntity<?> com.newer.springboot.controller.DoctorsController.delDoctors(java.lang.Integer)
16:26:31.989 [restartedMain] INFO  org.springframework.web.servlet.mvc.method.annotation.RequestMappingHandlerMapping - Mapped "{[/doctors/listdeparts],methods=[GET]}" onto public org.springframework.http.ResponseEntity<?> com.newer.springboot.controller.DoctorsController.ListDeparts()
16:26:31.990 [restartedMain] INFO  org.springframework.web.servlet.mvc.method.annotation.RequestMappingHandlerMapping - Mapped "{[/drug/queryById],methods=[GET]}" onto public org.springframework.http.ResponseEntity<?> com.newer.springboot.controller.DrugController.queryById(java.lang.Integer)
16:26:31.991 [restartedMain] INFO  org.springframework.web.servlet.mvc.method.annotation.RequestMappingHandlerMapping - Mapped "{[/drug/list],methods=[GET]}" onto public org.springframework.http.ResponseEntity<?> com.newer.springboot.controller.DrugController.listAll(java.lang.Double,java.lang.Double)
16:26:31.991 [restartedMain] INFO  org.springframework.web.servlet.mvc.method.annotation.RequestMappingHandlerMapping - Mapped "{[/drug/drugschangestate]}" onto public org.springframework.http.ResponseEntity<?> com.newer.springboot.controller.DrugController.changeState(java.lang.Integer,java.lang.Integer)
16:26:31.992 [restartedMain] INFO  org.springframework.web.servlet.mvc.method.annotation.RequestMappingHandlerMapping - Mapped "{[/drug/delete],methods=[DELETE]}" onto public org.springframework.http.ResponseEntity<?> com.newer.springboot.controller.DrugController.delDrug(java.lang.Integer)
16:26:31.992 [restartedMain] INFO  org.springframework.web.servlet.mvc.method.annotation.RequestMappingHandlerMapping - Mapped "{[/drug/edit],methods=[POST]}" onto public org.springframework.http.ResponseEntity<?> com.newer.springboot.controller.DrugController.addDrug(java.lang.Integer,java.lang.Integer,java.lang.String,java.lang.Integer,java.lang.Double,java.lang.Integer,int[])
16:26:31.992 [restartedMain] INFO  org.springframework.web.servlet.mvc.method.annotation.RequestMappingHandlerMapping - Mapped "{[/drug/drugdepart],methods=[GET]}" onto public org.springframework.http.ResponseEntity<?> com.newer.springboot.controller.DrugController.findDrDe(java.lang.Integer)
16:26:31.992 [restartedMain] INFO  org.springframework.web.servlet.mvc.method.annotation.RequestMappingHandlerMapping - Mapped "{[/drug/listDP],methods=[GET]}" onto public org.springframework.http.ResponseEntity<?> com.newer.springboot.controller.DrugController.listAllDP()
16:26:31.993 [restartedMain] INFO  org.springframework.web.servlet.mvc.method.annotation.RequestMappingHandlerMapping - Mapped "{[/drug/edit],methods=[PUT]}" onto public org.springframework.http.ResponseEntity<?> com.newer.springboot.controller.DrugController.updDrug(java.lang.Integer,java.lang.Integer,java.lang.String,java.lang.Integer,java.lang.Double,java.lang.Integer,int[])
16:26:31.993 [restartedMain] INFO  org.springframework.web.servlet.mvc.method.annotation.RequestMappingHandlerMapping - Mapped "{[/drug/listDT],methods=[GET]}" onto public org.springframework.http.ResponseEntity<?> com.newer.springboot.controller.DrugController.listAllDT()
16:26:31.994 [restartedMain] INFO  org.springframework.web.servlet.mvc.method.annotation.RequestMappingHandlerMapping - Mapped "{[/hello]}" onto public java.lang.String com.newer.springboot.controller.HelloController.test()
16:26:31.994 [restartedMain] INFO  org.springframework.web.servlet.mvc.method.annotation.RequestMappingHandlerMapping - Mapped "{[/login],methods=[POST]}" onto public java.lang.String com.newer.springboot.controller.HelloController.login(java.lang.String,java.lang.String)
16:26:31.995 [restartedMain] INFO  org.springframework.web.servlet.mvc.method.annotation.RequestMappingHandlerMapping - Mapped "{[/patients/query],methods=[GET]}" onto public org.springframework.http.ResponseEntity<?> com.newer.springboot.controller.patientsController.queryById(java.lang.Integer)
16:26:31.996 [restartedMain] INFO  org.springframework.web.servlet.mvc.method.annotation.RequestMappingHandlerMapping - Mapped "{[/patients/list],methods=[GET]}" onto public org.springframework.http.ResponseEntity<?> com.newer.springboot.controller.patientsController.listAll(java.lang.String)
16:26:31.996 [restartedMain] INFO  org.springframework.web.servlet.mvc.method.annotation.RequestMappingHandlerMapping - Mapped "{[/patients/edit],methods=[POST]}" onto public org.springframework.http.ResponseEntity<?> com.newer.springboot.controller.patientsController.addPatients(com.newer.springboot.domain.Patients)
16:26:31.997 [restartedMain] INFO  org.springframework.web.servlet.mvc.method.annotation.RequestMappingHandlerMapping - Mapped "{[/patients/changePwd],methods=[PUT]}" onto public org.springframework.http.ResponseEntity<?> com.newer.springboot.controller.patientsController.change_pwd(java.lang.Integer,java.lang.String)
16:26:31.997 [restartedMain] INFO  org.springframework.web.servlet.mvc.method.annotation.RequestMappingHandlerMapping - Mapped "{[/patients/delete],methods=[DELETE]}" onto public org.springframework.http.ResponseEntity<?> com.newer.springboot.controller.patientsController.deletePatients(java.lang.Integer)
16:26:31.998 [restartedMain] INFO  org.springframework.web.servlet.mvc.method.annotation.RequestMappingHandlerMapping - Mapped "{[/patients/edit],methods=[PUT]}" onto public org.springframework.http.ResponseEntity<?> com.newer.springboot.controller.patientsController.updPatients(com.newer.springboot.domain.Patients)
16:26:31.999 [restartedMain] INFO  org.springframework.web.servlet.mvc.method.annotation.RequestMappingHandlerMapping - Mapped "{[/api/refresh],methods=[GET]}" onto public org.springframework.http.ResponseEntity<?> com.newer.springboot.security.controller.AuthenticationController.refreshAndGetAuthenticationToken(javax.servlet.http.HttpServletRequest)
16:26:31.999 [restartedMain] INFO  org.springframework.web.servlet.mvc.method.annotation.RequestMappingHandlerMapping - Mapped "{[/api/auth],methods=[POST]}" onto public org.springframework.http.ResponseEntity<?> com.newer.springboot.security.controller.AuthenticationController.login(com.newer.springboot.security.domain.JwtAuenticationRequest) throws com.newer.springboot.security.exception.AuthenticationException
16:26:32.000 [restartedMain] INFO  org.springframework.web.servlet.mvc.method.annotation.RequestMappingHandlerMapping - Mapped "{[/api/protectedadmin],methods=[GET]}" onto public org.springframework.http.ResponseEntity<?> com.newer.springboot.security.controller.MethodProtectedRestController.getProtectedAdmin()
16:26:32.000 [restartedMain] INFO  org.springframework.web.servlet.mvc.method.annotation.RequestMappingHandlerMapping - Mapped "{[/api/protecteduser],methods=[GET]}" onto public org.springframework.http.ResponseEntity<?> com.newer.springboot.security.controller.MethodProtectedRestController.getProtectedUser()
16:26:32.003 [restartedMain] INFO  org.springframework.web.servlet.mvc.method.annotation.RequestMappingHandlerMapping - Mapped "{[/error]}" onto public org.springframework.http.ResponseEntity<java.util.Map<java.lang.String, java.lang.Object>> org.springframework.boot.autoconfigure.web.servlet.error.BasicErrorController.error(javax.servlet.http.HttpServletRequest)
16:26:32.003 [restartedMain] INFO  org.springframework.web.servlet.mvc.method.annotation.RequestMappingHandlerMapping - Mapped "{[/error],produces=[text/html]}" onto public org.springframework.web.servlet.ModelAndView org.springframework.boot.autoconfigure.web.servlet.error.BasicErrorController.errorHtml(javax.servlet.http.HttpServletRequest,javax.servlet.http.HttpServletResponse)
16:26:32.077 [restartedMain] INFO  org.springframework.web.servlet.handler.SimpleUrlHandlerMapping - Mapped URL path [/webjars/**] onto handler of type [class org.springframework.web.servlet.resource.ResourceHttpRequestHandler]
16:26:32.078 [restartedMain] INFO  org.springframework.web.servlet.handler.SimpleUrlHandlerMapping - Mapped URL path [/**] onto handler of type [class org.springframework.web.servlet.resource.ResourceHttpRequestHandler]
16:26:32.095 [restartedMain] INFO  org.springframework.web.servlet.mvc.method.annotation.ExceptionHandlerExceptionResolver - Detected @ExceptionHandler methods in globalExceptionHandler
16:26:32.909 [restartedMain] INFO  org.springframework.boot.devtools.autoconfigure.OptionalLiveReloadServer - LiveReload server is running on port 35729
16:26:32.951 [restartedMain] INFO  org.apache.coyote.http11.Http11NioProtocol - Starting ProtocolHandler ["http-nio-8086"]
16:26:32.963 [restartedMain] INFO  org.apache.tomcat.util.net.NioSelectorPool - Using a shared selector for servlet write/read
16:26:32.981 [restartedMain] INFO  org.springframework.boot.web.embedded.tomcat.TomcatWebServer - Tomcat started on port(s): 8086 (http) with context path ''
16:26:32.985 [restartedMain] INFO  com.newer.springboot.Application - Started Application in 7.045 seconds (JVM running for 8.364)
16:26:48.428 [http-nio-8086-exec-1] INFO  org.apache.catalina.core.ContainerBase.[Tomcat].[localhost].[/] - Initializing Spring FrameworkServlet 'dispatcherServlet'
16:26:48.429 [http-nio-8086-exec-1] INFO  org.springframework.web.servlet.DispatcherServlet - FrameworkServlet 'dispatcherServlet': initialization started
16:26:48.450 [http-nio-8086-exec-1] INFO  org.springframework.web.servlet.DispatcherServlet - FrameworkServlet 'dispatcherServlet': initialization completed in 20 ms
16:26:48.484 [http-nio-8086-exec-2] INFO  org.apache.tomcat.util.http.parser.Cookie - A cookie header was received [1541687732,1541769166,1541924800; Hm_lpvt_080836300300be57b7f34f4b3e97d911=1541924800] that contained an invalid cookie. That cookie will be ignored.Note: further occurrences of this error will be logged at DEBUG level.
16:26:48.485 [http-nio-8086-exec-2] INFO  com.newer.springboot.security.JwtAuthcaticationTokenFilter -  process authentication for  http://127.0.0.1:8086/api/auth
16:26:48.485 [http-nio-8086-exec-2] WARN  com.newer.springboot.security.JwtAuthcaticationTokenFilter - can't find Token start with Bearer ,will ignore the header
16:26:48.485 [http-nio-8086-exec-2] INFO  com.newer.springboot.security.JwtAuthcaticationTokenFilter - checking authencation for null
16:26:48.704 [http-nio-8086-exec-2] INFO  com.zaxxer.hikari.HikariDataSource - HikariPool-1 - Starting...
16:26:48.960 [http-nio-8086-exec-2] INFO  com.zaxxer.hikari.HikariDataSource - HikariPool-1 - Start completed.
16:26:49.499 [http-nio-8086-exec-4] INFO  com.newer.springboot.security.JwtAuthcaticationTokenFilter -  process authentication for  http://127.0.0.1:8086/api/getUser
16:26:49.539 [http-nio-8086-exec-4] INFO  com.newer.springboot.security.JwtAuthcaticationTokenFilter - checking authencation for admin
16:26:49.666 [http-nio-8086-exec-8] INFO  com.newer.springboot.security.JwtAuthcaticationTokenFilter -  process authentication for  http://127.0.0.1:8086/api/bookdepart
16:26:49.670 [http-nio-8086-exec-7] INFO  com.newer.springboot.security.JwtAuthcaticationTokenFilter -  process authentication for  http://127.0.0.1:8086/api/drawbook
16:26:49.672 [http-nio-8086-exec-8] INFO  com.newer.springboot.security.JwtAuthcaticationTokenFilter - checking authencation for admin
16:26:49.672 [http-nio-8086-exec-7] INFO  com.newer.springboot.security.JwtAuthcaticationTokenFilter - checking authencation for admin
16:26:52.570 [http-nio-8086-exec-9] INFO  com.newer.springboot.security.JwtAuthcaticationTokenFilter -  process authentication for  http://127.0.0.1:8086/doctors/list
16:26:52.573 [http-nio-8086-exec-9] INFO  com.newer.springboot.security.JwtAuthcaticationTokenFilter - checking authencation for admin
16:26:54.904 [http-nio-8086-exec-2] INFO  com.newer.springboot.security.JwtAuthcaticationTokenFilter -  process authentication for  http://127.0.0.1:8086/patients/list
16:26:54.907 [http-nio-8086-exec-2] INFO  com.newer.springboot.security.JwtAuthcaticationTokenFilter - checking authencation for admin
16:26:59.774 [http-nio-8086-exec-4] INFO  com.newer.springboot.security.JwtAuthcaticationTokenFilter -  process authentication for  http://127.0.0.1:8086/drug/list
16:26:59.777 [http-nio-8086-exec-4] INFO  com.newer.springboot.security.JwtAuthcaticationTokenFilter - checking authencation for admin
16:27:02.822 [http-nio-8086-exec-5] INFO  com.newer.springboot.security.JwtAuthcaticationTokenFilter -  process authentication for  http://127.0.0.1:8086/drug/list
16:27:02.825 [http-nio-8086-exec-5] INFO  com.newer.springboot.security.JwtAuthcaticationTokenFilter - checking authencation for admin
