21:13:12.116 [restartedMain] INFO  com.newer.springboot.Application - Starting Application on SW27V960KV9RU60 with PID 13364 (D:\SpringHomeWork\IDEA\springboot\target\classes started by Administrator in D:\SpringHomeWork\IDEA\springboot)
21:13:12.127 [restartedMain] INFO  com.newer.springboot.Application - No active profile set, falling back to default profiles: default
21:13:12.195 [restartedMain] INFO  org.springframework.boot.web.servlet.context.AnnotationConfigServletWebServerApplicationContext - Refreshing org.springframework.boot.web.servlet.context.AnnotationConfigServletWebServerApplicationContext@1185a48b: startup date [Fri Nov 09 21:13:12 CST 2018]; root of context hierarchy
21:13:14.083 [restartedMain] INFO  org.springframework.data.repository.config.RepositoryConfigurationDelegate - Multiple Spring Data modules found, entering strict repository configuration mode!
21:13:14.195 [restartedMain] INFO  org.springframework.data.repository.config.RepositoryConfigurationDelegate - Multiple Spring Data modules found, entering strict repository configuration mode!
21:13:14.217 [restartedMain] INFO  org.springframework.data.repository.config.RepositoryConfigurationExtensionSupport - Spring Data Redis - Could not safely identify store assignment for repository candidate interface com.newer.springboot.logback.LogRepository.
21:13:14.829 [restartedMain] INFO  org.springframework.context.support.PostProcessorRegistrationDelegate$BeanPostProcessorChecker - Bean 'org.springframework.transaction.annotation.ProxyTransactionManagementConfiguration' of type [org.springframework.transaction.annotation.ProxyTransactionManagementConfiguration$$EnhancerBySpringCGLIB$$7697b06] is not eligible for getting processed by all BeanPostProcessors (for example: not eligible for auto-proxying)
21:13:15.020 [restartedMain] INFO  org.springframework.context.support.PostProcessorRegistrationDelegate$BeanPostProcessorChecker - Bean 'org.springframework.security.config.annotation.configuration.ObjectPostProcessorConfiguration' of type [org.springframework.security.config.annotation.configuration.ObjectPostProcessorConfiguration$$EnhancerBySpringCGLIB$$a0174340] is not eligible for getting processed by all BeanPostProcessors (for example: not eligible for auto-proxying)
21:13:15.031 [restartedMain] INFO  org.springframework.context.support.PostProcessorRegistrationDelegate$BeanPostProcessorChecker - Bean 'objectPostProcessor' of type [org.springframework.security.config.annotation.configuration.AutowireBeanFactoryObjectPostProcessor] is not eligible for getting processed by all BeanPostProcessors (for example: not eligible for auto-proxying)
21:13:15.039 [restartedMain] INFO  org.springframework.context.support.PostProcessorRegistrationDelegate$BeanPostProcessorChecker - Bean 'org.springframework.security.access.expression.method.DefaultMethodSecurityExpressionHandler@4836676a' of type [org.springframework.security.access.expression.method.DefaultMethodSecurityExpressionHandler] is not eligible for getting processed by all BeanPostProcessors (for example: not eligible for auto-proxying)
21:13:15.049 [restartedMain] INFO  org.springframework.context.support.PostProcessorRegistrationDelegate$BeanPostProcessorChecker - Bean 'org.springframework.security.config.annotation.method.configuration.GlobalMethodSecurityConfiguration' of type [org.springframework.security.config.annotation.method.configuration.GlobalMethodSecurityConfiguration$$EnhancerBySpringCGLIB$$c4ebe5f2] is not eligible for getting processed by all BeanPostProcessors (for example: not eligible for auto-proxying)
21:13:15.073 [restartedMain] INFO  org.springframework.context.support.PostProcessorRegistrationDelegate$BeanPostProcessorChecker - Bean 'methodSecurityMetadataSource' of type [org.springframework.security.access.method.DelegatingMethodSecurityMetadataSource] is not eligible for getting processed by all BeanPostProcessors (for example: not eligible for auto-proxying)
21:13:15.859 [restartedMain] INFO  org.springframework.boot.web.embedded.tomcat.TomcatWebServer - Tomcat initialized with port(s): 8086 (http)
21:13:15.873 [restartedMain] INFO  org.apache.coyote.http11.Http11NioProtocol - Initializing ProtocolHandler ["http-nio-8086"]
21:13:15.884 [restartedMain] INFO  org.apache.catalina.core.StandardService - Starting service [Tomcat]
21:13:15.884 [restartedMain] INFO  org.apache.catalina.core.StandardEngine - Starting Servlet Engine: Apache Tomcat/8.5.34
21:13:15.888 [localhost-startStop-1] INFO  org.apache.catalina.core.AprLifecycleListener - The APR based Apache Tomcat Native library which allows optimal performance in production environments was not found on the java.library.path: [D:\jdk1.8.0_40\jdk1.8.0_40\bin;C:\Windows\Sun\Java\bin;C:\Windows\system32;C:\Windows;D:\MongoDB\Server\3.4\bin;D:\tomcat7\apache-tomcat-7.0.90;D:\app\Administrator\product\11.2.0\dbhome_1\bin;D:\app\Administrator\OraHome_1\bin;D:\app\wyj\product\12.2.0\dbhome_1\bin;D:\jdk1.8.0_40\jdk1.8.0_40\bin;C:\Windows\system32;C:\Windows;C:\Windows\System32\Wbem;C:\Windows\System32\WindowsPowerShell\v1.0\;D:\Program Files\Microsoft SQL Server\110\DTS\Binn\;D:\Program Files (x86)\Microsoft SQL Server\110\Tools\Binn\;D:\Program Files\Microsoft SQL Server\110\Tools\Binn\;D:\Program Files (x86)\Microsoft SQL Server\110\Tools\Binn\ManagementStudio\;C:\Program Files (x86)\Microsoft Visual Studio 10.0\Common7\IDE\PrivateAssemblies\;D:\Program Files (x86)\Microsoft SQL Server\110\DTS\Binn\;C:\Windows\system32\config\systemprofile\.dnx\bin;C:\Program Files\Microsoft DNX\Dnvm\;C:\Program Files\TortoiseSVN\bin;C:\Program Files (x86)\VisualSVN\bin;D:\Program Files\Microsoft SQL Server\130\Tools\Binn\;D:\Program Files\apache-maven-3.5.4\bin;D:\Program Files\nodejs\;C:\Users\Administrator\AppData\Local\Microsoft\WindowsApps;C:\Users\Administrator\AppData\Roaming\npm;D:\MongoDB\Server\3.4\bin;.]
21:13:15.994 [localhost-startStop-1] INFO  org.apache.catalina.core.ContainerBase.[Tomcat].[localhost].[/] - Initializing Spring embedded WebApplicationContext
21:13:15.994 [localhost-startStop-1] INFO  org.springframework.web.context.ContextLoader - Root WebApplicationContext: initialization completed in 3799 ms
21:13:16.193 [localhost-startStop-1] INFO  org.springframework.boot.web.servlet.FilterRegistrationBean - Mapping filter: 'characterEncodingFilter' to: [/*]
21:13:16.194 [localhost-startStop-1] INFO  org.springframework.boot.web.servlet.FilterRegistrationBean - Mapping filter: 'hiddenHttpMethodFilter' to: [/*]
21:13:16.194 [localhost-startStop-1] INFO  org.springframework.boot.web.servlet.FilterRegistrationBean - Mapping filter: 'httpPutFormContentFilter' to: [/*]
21:13:16.194 [localhost-startStop-1] INFO  org.springframework.boot.web.servlet.FilterRegistrationBean - Mapping filter: 'requestContextFilter' to: [/*]
21:13:16.195 [localhost-startStop-1] INFO  org.springframework.boot.web.servlet.DelegatingFilterProxyRegistrationBean - Mapping filter: 'springSecurityFilterChain' to: [/*]
21:13:16.195 [localhost-startStop-1] INFO  org.springframework.boot.web.servlet.FilterRegistrationBean - Mapping filter: 'corsFilter' to: [/*]
21:13:16.196 [localhost-startStop-1] INFO  org.springframework.boot.web.servlet.ServletRegistrationBean - Servlet dispatcherServlet mapped to [/]
21:13:17.483 [restartedMain] INFO  org.mongodb.driver.cluster - Cluster created with settings {hosts=[127.0.0.1:27017], mode=SINGLE, requiredClusterType=UNKNOWN, serverSelectionTimeout='30000 ms', maxWaitQueueSize=500}
21:13:17.555 [cluster-ClusterId{value='5be587ed3b399f3434f72c74', description='null'}-127.0.0.1:27017] INFO  org.mongodb.driver.connection - Opened connection [connectionId{localValue:1, serverValue:1}] to 127.0.0.1:27017
21:13:17.559 [cluster-ClusterId{value='5be587ed3b399f3434f72c74', description='null'}-127.0.0.1:27017] INFO  org.mongodb.driver.cluster - Monitor thread successfully connected to server with description ServerDescription{address=127.0.0.1:27017, type=STANDALONE, state=CONNECTED, ok=true, version=ServerVersion{versionList=[3, 4, 9]}, minWireVersion=0, maxWireVersion=5, maxDocumentSize=16777216, logicalSessionTimeoutMinutes=null, roundTripTimeNanos=2441818}
21:13:18.369 [restartedMain] INFO  org.springframework.security.web.DefaultSecurityFilterChain - Creating filter chain: Ant [pattern='/auth', POST], []
21:13:18.369 [restartedMain] INFO  org.springframework.security.web.DefaultSecurityFilterChain - Creating filter chain: Ant [pattern='/', GET], []
21:13:18.369 [restartedMain] INFO  org.springframework.security.web.DefaultSecurityFilterChain - Creating filter chain: Ant [pattern='/*.html', GET], []
21:13:18.369 [restartedMain] INFO  org.springframework.security.web.DefaultSecurityFilterChain - Creating filter chain: Ant [pattern='/favicon.ico', GET], []
21:13:18.370 [restartedMain] INFO  org.springframework.security.web.DefaultSecurityFilterChain - Creating filter chain: Ant [pattern='/**/*.html', GET], []
21:13:18.370 [restartedMain] INFO  org.springframework.security.web.DefaultSecurityFilterChain - Creating filter chain: Ant [pattern='/**/*.css', GET], []
21:13:18.370 [restartedMain] INFO  org.springframework.security.web.DefaultSecurityFilterChain - Creating filter chain: Ant [pattern='/**/*.js', GET], []
21:13:18.371 [restartedMain] INFO  org.springframework.security.web.DefaultSecurityFilterChain - Creating filter chain: Ant [pattern='/images/**', GET], []
21:13:18.371 [restartedMain] INFO  org.springframework.security.web.DefaultSecurityFilterChain - Creating filter chain: Ant [pattern='/js/**', GET], []
21:13:18.371 [restartedMain] INFO  org.springframework.security.web.DefaultSecurityFilterChain - Creating filter chain: Ant [pattern='/static/**', GET], []
21:13:18.476 [restartedMain] INFO  org.springframework.security.web.DefaultSecurityFilterChain - Creating filter chain: org.springframework.security.web.util.matcher.AnyRequestMatcher@1, [org.springframework.security.web.context.request.async.WebAsyncManagerIntegrationFilter@7353857b, org.springframework.security.web.context.SecurityContextPersistenceFilter@5be2974d, org.springframework.security.web.header.HeaderWriterFilter@3739a6ff, org.springframework.web.filter.CorsFilter@2f1e5f70, org.springframework.security.web.authentication.logout.LogoutFilter@4cf8e36c, com.newer.springboot.security.JwtAuthcaticationTokenFilter@737e60c2, org.springframework.security.web.savedrequest.RequestCacheAwareFilter@7dc06d3e, org.springframework.security.web.servletapi.SecurityContextHolderAwareRequestFilter@4e71b6f7, org.springframework.security.web.authentication.AnonymousAuthenticationFilter@65f68e40, org.springframework.security.web.session.SessionManagementFilter@ffbc512, org.springframework.security.web.access.ExceptionTranslationFilter@24c8f1a3, org.springframework.security.web.access.intercept.FilterSecurityInterceptor@6b5d6e15]
21:13:18.616 [restartedMain] INFO  org.springframework.web.servlet.handler.SimpleUrlHandlerMapping - Mapped URL path [/**/favicon.ico] onto handler of type [class org.springframework.web.servlet.resource.ResourceHttpRequestHandler]
21:13:19.008 [restartedMain] INFO  org.springframework.web.servlet.mvc.method.annotation.RequestMappingHandlerAdapter - Looking for @ControllerAdvice: org.springframework.boot.web.servlet.context.AnnotationConfigServletWebServerApplicationContext@1185a48b: startup date [Fri Nov 09 21:13:12 CST 2018]; root of context hierarchy
21:13:19.085 [restartedMain] INFO  org.springframework.web.servlet.mvc.method.annotation.RequestMappingHandlerMapping - Mapped "{[/api/users],methods=[GET]}" onto public org.springframework.http.ResponseEntity<?> com.newer.springboot.controller.AdminsController.login(java.lang.String,java.lang.String,javax.servlet.http.HttpSession)
21:13:19.086 [restartedMain] INFO  org.springframework.web.servlet.mvc.method.annotation.RequestMappingHandlerMapping - Mapped "{[/api/getUser],methods=[GET]}" onto public org.springframework.http.ResponseEntity<com.newer.springboot.security.domain.JwtUser> com.newer.springboot.controller.AdminsController.getUser(javax.servlet.http.HttpServletRequest)
21:13:19.087 [restartedMain] INFO  org.springframework.web.servlet.mvc.method.annotation.RequestMappingHandlerMapping - Mapped "{[/api/userSession],methods=[GET]}" onto public org.springframework.http.ResponseEntity<?> com.newer.springboot.controller.AdminsController.userSession(javax.servlet.http.HttpSession)
21:13:19.088 [restartedMain] INFO  org.springframework.web.servlet.mvc.method.annotation.RequestMappingHandlerMapping - Mapped "{[/api/changePwd],methods=[POST]}" onto public org.springframework.http.ResponseEntity<?> com.newer.springboot.controller.AdminsController.change_Pwd(java.lang.String,java.lang.String,java.lang.String,javax.servlet.http.HttpServletRequest)
21:13:19.088 [restartedMain] INFO  org.springframework.web.servlet.mvc.method.annotation.RequestMappingHandlerMapping - Mapped "{[/api/bookdepart],methods=[GET]}" onto public org.springframework.http.ResponseEntity<?> com.newer.springboot.controller.bookableController.bookdepart(javax.servlet.http.HttpServletRequest)
21:13:19.089 [restartedMain] INFO  org.springframework.web.servlet.mvc.method.annotation.RequestMappingHandlerMapping - Mapped "{[/api/drawbook],methods=[GET]}" onto public org.springframework.http.ResponseEntity<?> com.newer.springboot.controller.bookableController.drawBook(javax.servlet.http.HttpServletRequest)
21:13:19.093 [restartedMain] INFO  org.springframework.web.servlet.mvc.method.annotation.RequestMappingHandlerMapping - Mapped "{[/doctors/edit],methods=[PUT]}" onto public org.springframework.http.ResponseEntity<?> com.newer.springboot.controller.DoctorsController.updDoctors(com.newer.springboot.domain.Doctors)
21:13:19.094 [restartedMain] INFO  org.springframework.web.servlet.mvc.method.annotation.RequestMappingHandlerMapping - Mapped "{[/doctors/listdeparts],methods=[GET]}" onto public org.springframework.http.ResponseEntity<?> com.newer.springboot.controller.DoctorsController.ListDeparts()
21:13:19.095 [restartedMain] INFO  org.springframework.web.servlet.mvc.method.annotation.RequestMappingHandlerMapping - Mapped "{[/doctors/list],methods=[GET]}" onto public org.springframework.http.ResponseEntity<?> com.newer.springboot.controller.DoctorsController.listAll(java.lang.String)
21:13:19.095 [restartedMain] INFO  org.springframework.web.servlet.mvc.method.annotation.RequestMappingHandlerMapping - Mapped "{[/doctors/delete],methods=[DELETE]}" onto public org.springframework.http.ResponseEntity<?> com.newer.springboot.controller.DoctorsController.delDoctors(java.lang.Integer)
21:13:19.096 [restartedMain] INFO  org.springframework.web.servlet.mvc.method.annotation.RequestMappingHandlerMapping - Mapped "{[/doctors/edit],methods=[POST]}" onto public org.springframework.http.ResponseEntity<?> com.newer.springboot.controller.DoctorsController.addDoctors(com.newer.springboot.domain.Doctors)
21:13:19.096 [restartedMain] INFO  org.springframework.web.servlet.mvc.method.annotation.RequestMappingHandlerMapping - Mapped "{[/doctors/query],methods=[GET]}" onto public org.springframework.http.ResponseEntity<?> com.newer.springboot.controller.DoctorsController.queryById(java.lang.Integer)
21:13:19.098 [restartedMain] INFO  org.springframework.web.servlet.mvc.method.annotation.RequestMappingHandlerMapping - Mapped "{[/drug/list],methods=[GET]}" onto public org.springframework.http.ResponseEntity<?> com.newer.springboot.controller.DrugController.listAll(java.lang.Double,java.lang.Double)
21:13:19.099 [restartedMain] INFO  org.springframework.web.servlet.mvc.method.annotation.RequestMappingHandlerMapping - Mapped "{[/drug/queryById],methods=[GET]}" onto public org.springframework.http.ResponseEntity<?> com.newer.springboot.controller.DrugController.queryById(java.lang.Integer)
21:13:19.099 [restartedMain] INFO  org.springframework.web.servlet.mvc.method.annotation.RequestMappingHandlerMapping - Mapped "{[/drug/listDT],methods=[GET]}" onto public org.springframework.http.ResponseEntity<?> com.newer.springboot.controller.DrugController.listAllDT()
21:13:19.100 [restartedMain] INFO  org.springframework.web.servlet.mvc.method.annotation.RequestMappingHandlerMapping - Mapped "{[/drug/delete],methods=[DELETE]}" onto public org.springframework.http.ResponseEntity<?> com.newer.springboot.controller.DrugController.delDrug(java.lang.Integer)
21:13:19.101 [restartedMain] INFO  org.springframework.web.servlet.mvc.method.annotation.RequestMappingHandlerMapping - Mapped "{[/drug/edit],methods=[PUT]}" onto public org.springframework.http.ResponseEntity<?> com.newer.springboot.controller.DrugController.updDrug(java.lang.Integer,java.lang.Integer,java.lang.String,java.lang.Integer,java.lang.Double,java.lang.Integer,int[])
21:13:19.101 [restartedMain] INFO  org.springframework.web.servlet.mvc.method.annotation.RequestMappingHandlerMapping - Mapped "{[/drug/edit],methods=[POST]}" onto public org.springframework.http.ResponseEntity<?> com.newer.springboot.controller.DrugController.addDrug(java.lang.Integer,java.lang.Integer,java.lang.String,java.lang.Integer,java.lang.Double,java.lang.Integer,int[])
21:13:19.102 [restartedMain] INFO  org.springframework.web.servlet.mvc.method.annotation.RequestMappingHandlerMapping - Mapped "{[/drug/drugschangestate]}" onto public org.springframework.http.ResponseEntity<?> com.newer.springboot.controller.DrugController.changeState(java.lang.Integer,java.lang.Integer)
21:13:19.102 [restartedMain] INFO  org.springframework.web.servlet.mvc.method.annotation.RequestMappingHandlerMapping - Mapped "{[/drug/drugdepart],methods=[GET]}" onto public org.springframework.http.ResponseEntity<?> com.newer.springboot.controller.DrugController.findDrDe(java.lang.Integer)
21:13:19.103 [restartedMain] INFO  org.springframework.web.servlet.mvc.method.annotation.RequestMappingHandlerMapping - Mapped "{[/drug/listDP],methods=[GET]}" onto public org.springframework.http.ResponseEntity<?> com.newer.springboot.controller.DrugController.listAllDP()
21:13:19.104 [restartedMain] INFO  org.springframework.web.servlet.mvc.method.annotation.RequestMappingHandlerMapping - Mapped "{[/hello]}" onto public java.lang.String com.newer.springboot.controller.HelloController.test()
21:13:19.104 [restartedMain] INFO  org.springframework.web.servlet.mvc.method.annotation.RequestMappingHandlerMapping - Mapped "{[/login],methods=[POST]}" onto public java.lang.String com.newer.springboot.controller.HelloController.login(java.lang.String,java.lang.String)
21:13:19.106 [restartedMain] INFO  org.springframework.web.servlet.mvc.method.annotation.RequestMappingHandlerMapping - Mapped "{[/patients/list],methods=[GET]}" onto public org.springframework.http.ResponseEntity<?> com.newer.springboot.controller.patientsController.listAll(java.lang.String)
21:13:19.106 [restartedMain] INFO  org.springframework.web.servlet.mvc.method.annotation.RequestMappingHandlerMapping - Mapped "{[/patients/query],methods=[GET]}" onto public org.springframework.http.ResponseEntity<?> com.newer.springboot.controller.patientsController.queryById(java.lang.Integer)
21:13:19.107 [restartedMain] INFO  org.springframework.web.servlet.mvc.method.annotation.RequestMappingHandlerMapping - Mapped "{[/patients/delete],methods=[DELETE]}" onto public org.springframework.http.ResponseEntity<?> com.newer.springboot.controller.patientsController.deletePatients(java.lang.Integer)
21:13:19.108 [restartedMain] INFO  org.springframework.web.servlet.mvc.method.annotation.RequestMappingHandlerMapping - Mapped "{[/patients/edit],methods=[POST]}" onto public org.springframework.http.ResponseEntity<?> com.newer.springboot.controller.patientsController.addPatients(com.newer.springboot.domain.Patients)
21:13:19.108 [restartedMain] INFO  org.springframework.web.servlet.mvc.method.annotation.RequestMappingHandlerMapping - Mapped "{[/patients/edit],methods=[PUT]}" onto public org.springframework.http.ResponseEntity<?> com.newer.springboot.controller.patientsController.updPatients(com.newer.springboot.domain.Patients)
21:13:19.109 [restartedMain] INFO  org.springframework.web.servlet.mvc.method.annotation.RequestMappingHandlerMapping - Mapped "{[/patients/changePwd],methods=[PUT]}" onto public org.springframework.http.ResponseEntity<?> com.newer.springboot.controller.patientsController.change_pwd(java.lang.Integer,java.lang.String)
21:13:19.110 [restartedMain] INFO  org.springframework.web.servlet.mvc.method.annotation.RequestMappingHandlerMapping - Mapped "{[/api/auth],methods=[POST]}" onto public org.springframework.http.ResponseEntity<?> com.newer.springboot.security.controller.AuthenticationController.login(com.newer.springboot.security.domain.JwtAuenticationRequest) throws com.newer.springboot.security.exception.AuthenticationException
21:13:19.111 [restartedMain] INFO  org.springframework.web.servlet.mvc.method.annotation.RequestMappingHandlerMapping - Mapped "{[/api/refresh],methods=[GET]}" onto public org.springframework.http.ResponseEntity<?> com.newer.springboot.security.controller.AuthenticationController.refreshAndGetAuthenticationToken(javax.servlet.http.HttpServletRequest)
21:13:19.112 [restartedMain] INFO  org.springframework.web.servlet.mvc.method.annotation.RequestMappingHandlerMapping - Mapped "{[/api/protecteduser],methods=[GET]}" onto public org.springframework.http.ResponseEntity<?> com.newer.springboot.security.controller.MethodProtectedRestController.getProtectedUser()
21:13:19.113 [restartedMain] INFO  org.springframework.web.servlet.mvc.method.annotation.RequestMappingHandlerMapping - Mapped "{[/api/protectedadmin],methods=[GET]}" onto public org.springframework.http.ResponseEntity<?> com.newer.springboot.security.controller.MethodProtectedRestController.getProtectedAdmin()
21:13:19.115 [restartedMain] INFO  org.springframework.web.servlet.mvc.method.annotation.RequestMappingHandlerMapping - Mapped "{[/error]}" onto public org.springframework.http.ResponseEntity<java.util.Map<java.lang.String, java.lang.Object>> org.springframework.boot.autoconfigure.web.servlet.error.BasicErrorController.error(javax.servlet.http.HttpServletRequest)
21:13:19.116 [restartedMain] INFO  org.springframework.web.servlet.mvc.method.annotation.RequestMappingHandlerMapping - Mapped "{[/error],produces=[text/html]}" onto public org.springframework.web.servlet.ModelAndView org.springframework.boot.autoconfigure.web.servlet.error.BasicErrorController.errorHtml(javax.servlet.http.HttpServletRequest,javax.servlet.http.HttpServletResponse)
21:13:19.210 [restartedMain] INFO  org.springframework.web.servlet.handler.SimpleUrlHandlerMapping - Mapped URL path [/webjars/**] onto handler of type [class org.springframework.web.servlet.resource.ResourceHttpRequestHandler]
21:13:19.210 [restartedMain] INFO  org.springframework.web.servlet.handler.SimpleUrlHandlerMapping - Mapped URL path [/**] onto handler of type [class org.springframework.web.servlet.resource.ResourceHttpRequestHandler]
21:13:19.241 [restartedMain] INFO  org.springframework.web.servlet.mvc.method.annotation.ExceptionHandlerExceptionResolver - Detected @ExceptionHandler methods in globalExceptionHandler
21:13:20.248 [restartedMain] INFO  org.springframework.boot.devtools.autoconfigure.OptionalLiveReloadServer - LiveReload server is running on port 35729
21:13:20.300 [restartedMain] INFO  org.apache.coyote.http11.Http11NioProtocol - Starting ProtocolHandler ["http-nio-8086"]
21:13:20.315 [restartedMain] INFO  org.apache.tomcat.util.net.NioSelectorPool - Using a shared selector for servlet write/read
21:13:20.333 [restartedMain] INFO  org.springframework.boot.web.embedded.tomcat.TomcatWebServer - Tomcat started on port(s): 8086 (http) with context path ''
21:13:20.337 [restartedMain] INFO  com.newer.springboot.Application - Started Application in 8.738 seconds (JVM running for 10.916)
21:13:43.626 [http-nio-8086-exec-1] INFO  org.apache.catalina.core.ContainerBase.[Tomcat].[localhost].[/] - Initializing Spring FrameworkServlet 'dispatcherServlet'
21:13:43.627 [http-nio-8086-exec-1] INFO  org.springframework.web.servlet.DispatcherServlet - FrameworkServlet 'dispatcherServlet': initialization started
21:13:43.653 [http-nio-8086-exec-1] INFO  org.springframework.web.servlet.DispatcherServlet - FrameworkServlet 'dispatcherServlet': initialization completed in 26 ms
21:13:43.702 [http-nio-8086-exec-2] INFO  org.apache.tomcat.util.http.parser.Cookie - A cookie header was received [1541419038,1541687732,1541769166; Hm_lpvt_080836300300be57b7f34f4b3e97d911=1541769166] that contained an invalid cookie. That cookie will be ignored.Note: further occurrences of this error will be logged at DEBUG level.
21:13:43.705 [http-nio-8086-exec-2] INFO  com.newer.springboot.security.JwtAuthcaticationTokenFilter -  process authentication for  http://127.0.0.1:8086/api/auth
21:13:43.705 [http-nio-8086-exec-2] WARN  com.newer.springboot.security.JwtAuthcaticationTokenFilter - can't find Token start with Bearer ,will ignore the header
21:13:43.705 [http-nio-8086-exec-2] INFO  com.newer.springboot.security.JwtAuthcaticationTokenFilter - checking authencation for null
21:13:43.987 [http-nio-8086-exec-2] INFO  com.zaxxer.hikari.HikariDataSource - HikariPool-1 - Starting...
21:13:44.142 [http-nio-8086-exec-2] INFO  com.zaxxer.hikari.HikariDataSource - HikariPool-1 - Start completed.
21:13:44.647 [http-nio-8086-exec-4] INFO  com.newer.springboot.security.JwtAuthcaticationTokenFilter -  process authentication for  http://127.0.0.1:8086/api/getUser
21:13:44.700 [http-nio-8086-exec-4] INFO  com.newer.springboot.security.JwtAuthcaticationTokenFilter - checking authencation for admin
21:13:44.825 [http-nio-8086-exec-7] INFO  com.newer.springboot.security.JwtAuthcaticationTokenFilter -  process authentication for  http://127.0.0.1:8086/api/bookdepart
21:13:44.831 [http-nio-8086-exec-7] INFO  com.newer.springboot.security.JwtAuthcaticationTokenFilter - checking authencation for admin
21:13:44.845 [http-nio-8086-exec-8] INFO  com.newer.springboot.security.JwtAuthcaticationTokenFilter -  process authentication for  http://127.0.0.1:8086/api/drawbook
21:13:44.849 [http-nio-8086-exec-8] INFO  com.newer.springboot.security.JwtAuthcaticationTokenFilter - checking authencation for admin
