2018-11-11 16:26:49,608  INFO WebLogAspect:33 ---- WebLogAspect.before
2018-11-11 16:26:49,614  INFO WebLogAspect:38 ---- URL/api/getUser
2018-11-11 16:26:49,615  INFO WebLogAspect:39 ---- HTTP_METHODGET
2018-11-11 16:26:49,616  INFO WebLogAspect:40 ---- IPGET
2018-11-11 16:26:49,616  INFO WebLogAspect:41 ---- CLASS_TYPEclass com.newer.springboot.controller.AdminsControllergetUser
2018-11-11 16:26:49,616  INFO WebLogAspect:42 ---- Parameter[SecurityContextHolderAwareRequestWrapper[ FirewalledRequest[ org.apache.catalina.connector.RequestFacade@7eae99e8]]]
2018-11-11 16:26:49,628  INFO WebLogAspect:47 ---- WebLogAspect.after
2018-11-11 16:26:49,629  INFO WebLogAspect:48 ---- RETURING:<200 OK,com.newer.springboot.security.domain.JwtUser@b9450f3,{}>
2018-11-11 16:26:49,630  INFO WebLogAspect:50 ---- SPEND TIME16
2018-11-11 16:26:49,680  INFO WebLogAspect:33 ---- WebLogAspect.before
2018-11-11 16:26:49,681  INFO WebLogAspect:38 ---- URL/api/bookdepart
2018-11-11 16:26:49,682  INFO WebLogAspect:39 ---- HTTP_METHODGET
2018-11-11 16:26:49,682  INFO WebLogAspect:40 ---- IPGET
2018-11-11 16:26:49,683  INFO WebLogAspect:41 ---- CLASS_TYPEclass com.newer.springboot.controller.bookableControllerbookdepart
2018-11-11 16:26:49,685  INFO WebLogAspect:33 ---- WebLogAspect.before
2018-11-11 16:26:49,685  INFO WebLogAspect:42 ---- Parameter[SecurityContextHolderAwareRequestWrapper[ FirewalledRequest[ org.apache.catalina.connector.RequestFacade@618fb16b]]]
2018-11-11 16:26:49,686  INFO WebLogAspect:38 ---- URL/api/drawbook
2018-11-11 16:26:49,687  INFO WebLogAspect:39 ---- HTTP_METHODGET
2018-11-11 16:26:49,688  INFO WebLogAspect:40 ---- IPGET
2018-11-11 16:26:49,689  INFO WebLogAspect:41 ---- CLASS_TYPEclass com.newer.springboot.controller.bookableControllerdrawBook
2018-11-11 16:26:49,689  INFO WebLogAspect:42 ---- Parameter[SecurityContextHolderAwareRequestWrapper[ FirewalledRequest[ org.apache.catalina.connector.RequestFacade@7eae99e8]]]
2018-11-11 16:26:49,762  INFO WebLogAspect:47 ---- WebLogAspect.after
2018-11-11 16:26:49,762  INFO WebLogAspect:48 ---- RETURING:<200 OK,[{drilldown=内科, name=内科, y=0}, {drilldown=外科, name=外科, y=4}, {drilldown=儿科, name=儿科, y=4}, {drilldown=妇科, name=妇科, y=2}, {drilldown=眼科, name=眼科, y=0}, {drilldown=耳鼻喉科, name=耳鼻喉科, y=0}, {drilldown=口腔科, name=口腔科, y=0}, {drilldown=皮肤科, name=皮肤科, y=0}],{}>
2018-11-11 16:26:49,763  INFO WebLogAspect:50 ---- SPEND TIME77
2018-11-11 16:26:49,874  INFO WebLogAspect:47 ---- WebLogAspect.after
2018-11-11 16:26:49,875  INFO WebLogAspect:48 ---- RETURING:<200 OK,[BookableCount{dename='内科', dayCount=0, yesCount=0, weekCount=0, monCount=0, quaCount=0}, BookableCount{dename='外科', dayCount=0, yesCount=0, weekCount=0, monCount=0, quaCount=4}, BookableCount{dename='儿科', dayCount=0, yesCount=0, weekCount=0, monCount=0, quaCount=4}, BookableCount{dename='妇科', dayCount=0, yesCount=0, weekCount=0, monCount=0, quaCount=2}, BookableCount{dename='眼科', dayCount=0, yesCount=0, weekCount=0, monCount=0, quaCount=0}, BookableCount{dename='耳鼻喉科', dayCount=0, yesCount=0, weekCount=0, monCount=0, quaCount=0}, BookableCount{dename='口腔科', dayCount=0, yesCount=0, weekCount=0, monCount=0, quaCount=0}, BookableCount{dename='皮肤科', dayCount=0, yesCount=0, weekCount=0, monCount=0, quaCount=0}],{}>
2018-11-11 16:26:49,875  INFO WebLogAspect:50 ---- SPEND TIME194
2018-11-11 16:26:52,583  INFO WebLogAspect:33 ---- WebLogAspect.before
2018-11-11 16:26:52,584  INFO WebLogAspect:38 ---- URL/doctors/list
2018-11-11 16:26:52,585  INFO WebLogAspect:39 ---- HTTP_METHODGET
2018-11-11 16:26:52,585  INFO WebLogAspect:40 ---- IPGET
2018-11-11 16:26:52,586  INFO WebLogAspect:41 ---- CLASS_TYPEclass com.newer.springboot.controller.DoctorsControllerlistAll
2018-11-11 16:26:52,586  INFO WebLogAspect:42 ---- Parameter[]
2018-11-11 16:26:52,619  INFO WebLogAspect:47 ---- WebLogAspect.after
2018-11-11 16:26:52,620  INFO WebLogAspect:48 ---- RETURING:<200 OK,[Doctors{doid=1, doname='胡一青', title='主治医师', photo='', info='手术厉害33333', deid='2', departs=Departs{deid=2, dename='外科', intro='长沙一绝', deexist=1, by1='null', by2=null}, monam=1, monpm=null, tueam=1, tuepm=null, wedam=1, wedpm=null, thuam=1, thupm=null, fripm=null, friam=1, satpm=null, satam=null, sunam=null, sumpm=null, pcreg=100, xcreg=100, doexist=0, bcost=50.0, by1='null', by2=null}, Doctors{doid=2, doname='萧炎', title='主任医师', photo='', info='手术厉害7777', deid='2', departs=Departs{deid=2, dename='外科', intro='长沙一绝', deexist=1, by1='null', by2=null}, monam=null, monpm=1, tueam=null, tuepm=1, wedam=null, wedpm=1, thuam=null, thupm=1, fripm=1, friam=null, satpm=null, satam=null, sunam=null, sumpm=null, pcreg=100, xcreg=100, doexist=0, bcost=100.0, by1='null', by2=null}, Doctors{doid=3, doname='独孤求败', title='主治医师', photo='', info='手术厉害111111111111', deid='4', departs=Departs{deid=4, dename='妇科', intro='长沙一绝', deexist=1, by1='null', by2=null}, monam=1, monpm=null, tueam=1, tuepm=null, wedam=1, wedpm=null, thuam=1, thupm=null, fripm=null, friam=1, satpm=null, satam=null, sunam=null, sumpm=null, pcreg=100, xcreg=100, doexist=0, bcost=50.0, by1='null', by2=null}, Doctors{doid=4, doname='辰南', title='主治医师', photo='', info='手术厉害111111111111', deid='3', departs=Departs{deid=3, dename='儿科', intro='长沙一绝', deexist=1, by1='null', by2=null}, monam=1, monpm=null, tueam=1, tuepm=null, wedam=1, wedpm=null, thuam=1, thupm=null, fripm=null, friam=1, satpm=null, satam=null, sunam=null, sumpm=null, pcreg=100, xcreg=100, doexist=0, bcost=50.0, by1='null', by2=null}, Doctors{doid=5, doname='叶凡', title='副主任医师', photo='', info='手术厉害11111111111', deid='3', departs=Departs{deid=3, dename='儿科', intro='长沙一绝', deexist=1, by1='null', by2=null}, monam=1, monpm=null, tueam=1, tuepm=null, wedam=1, wedpm=null, thuam=1, thupm=null, fripm=null, friam=1, satpm=null, satam=null, sunam=null, sumpm=null, pcreg=100, xcreg=100, doexist=0, bcost=100.0, by1='null', by2=null}, Doctors{doid=47, doname='五大帅哥', title='主治医师', photo='111', info='手术厉害111111111111', deid='6', departs=Departs{deid=6, dename='耳鼻喉科', intro='长沙一绝', deexist=1, by1='null', by2=null}, monam=1, monpm=null, tueam=null, tuepm=null, wedam=null, wedpm=null, thuam=null, thupm=null, fripm=null, friam=null, satpm=null, satam=null, sunam=null, sumpm=null, pcreg=100, xcreg=100, doexist=0, bcost=100.0, by1='null', by2=null}, Doctors{doid=48, doname='男男女女女', title='主治医师', photo='111', info='手术厉害111111111111', deid='4', departs=Departs{deid=4, dename='妇科', intro='长沙一绝', deexist=1, by1='null', by2=null}, monam=null, monpm=null, tueam=null, tuepm=null, wedam=null, wedpm=null, thuam=null, thupm=null, fripm=null, friam=null, satpm=null, satam=null, sunam=null, sumpm=null, pcreg=100, xcreg=100, doexist=0, bcost=100.0, by1='null', by2=null}, Doctors{doid=49, doname='廖恒', title='主治医师', photo='111', info='手术厉害', deid='8', departs=Departs{deid=8, dename='皮肤科', intro='长沙一绝', deexist=1, by1='null', by2=null}, monam=null, monpm=null, tueam=null, tuepm=null, wedam=null, wedpm=null, thuam=null, thupm=null, fripm=null, friam=null, satpm=null, satam=null, sunam=null, sumpm=null, pcreg=100, xcreg=100, doexist=0, bcost=100.0, by1='null', by2=null}, Doctors{doid=50, doname='你的的大爷', title='主治医师', photo='111', info='手术厉害111111111111', deid='4', departs=Departs{deid=4, dename='妇科', intro='长沙一绝', deexist=1, by1='null', by2=null}, monam=null, monpm=null, tueam=null, tuepm=null, wedam=null, wedpm=null, thuam=null, thupm=null, fripm=null, friam=null, satpm=null, satam=null, sunam=null, sumpm=null, pcreg=100, xcreg=100, doexist=0, bcost=100.0, by1='null', by2=null}, Doctors{doid=51, doname='你是猪吗', title='主任医师', photo='111', info='手术厉害111111111111', deid='5', departs=Departs{deid=5, dename='眼科', intro='长沙一绝', deexist=1, by1='null', by2=null}, monam=null, monpm=null, tueam=null, tuepm=null, wedam=null, wedpm=null, thuam=null, thupm=null, fripm=null, friam=null, satpm=null, satam=null, sunam=null, sumpm=null, pcreg=100, xcreg=100, doexist=0, bcost=100.0, by1='null', by2=null}],{}>
2018-11-11 16:26:52,624  INFO WebLogAspect:50 ---- SPEND TIME40
2018-11-11 16:26:54,914  INFO WebLogAspect:33 ---- WebLogAspect.before
2018-11-11 16:26:54,916  INFO WebLogAspect:38 ---- URL/patients/list
2018-11-11 16:26:54,917  INFO WebLogAspect:39 ---- HTTP_METHODGET
2018-11-11 16:26:54,918  INFO WebLogAspect:40 ---- IPGET
2018-11-11 16:26:54,918  INFO WebLogAspect:41 ---- CLASS_TYPEclass com.newer.springboot.controller.patientsControllerlistAll
2018-11-11 16:26:54,918  INFO WebLogAspect:42 ---- Parameter[]
2018-11-11 16:26:54,930  INFO WebLogAspect:47 ---- WebLogAspect.after
2018-11-11 16:26:54,930  INFO WebLogAspect:48 ---- RETURING:<200 OK,[Patients{pid=5, pname='阿紫222', gender='F', sex='女', phone='13807318884', idCard='430121198011288114', pwd='1314521', medCard='2452677', email='azi@gmail.com', by1='null', by2='null'}, Patients{pid=6, pname='丁春秋', gender='M', sex='男', phone='13807318883', idCard='430121198011288113', pwd='888888', medCard='6888654', email='dingchunqiu@gmail.com', by1='null', by2='null'}, Patients{pid=7, pname='段正淳', gender='M', sex='男', phone='13833445555', idCard='430121198011288112', pwd='77887788', medCard='776545678', email='duanzhengchun@gmail.com', by1='null', by2='null'}, Patients{pid=8, pname='虚竹', gender='M', sex='男', phone='13807318881', idCard='430121198011288111', pwd='888888', medCard='8873563', email='xuzhu@gmail.com', by1='null', by2='null'}, Patients{pid=9, pname='郭靖', gender='M', sex='男', phone='13807311111', idCard='430121199910010101', pwd='888888', medCard='965321', email='guojing@gmail.com', by1='null', by2='null'}, Patients{pid=11, pname='欧阳克', gender='M', sex='男', phone='13807311113', idCard='430121199910010103', pwd='888888', medCard='11134123', email='ouyangke@gmail.com', by1='null', by2='null'}, Patients{pid=12, pname='杨康', gender='M', sex='男', phone='13807311114', idCard='430121199910010104', pwd='888888', medCard='1342345', email='yangkang@gmail.com', by1='null', by2='null'}, Patients{pid=13, pname='穆念慈', gender='F', sex='女', phone='13807311115', idCard='430121199910010105', pwd='777777', medCard='13135234', email='nunianci@gmail.com', by1='null', by2='null'}, Patients{pid=16, pname='吴英健222', gender='F', sex='男', phone='13807318855', idCard='430121198011288119', pwd='123124124', medCard='3253454', email='duany@gmail.com', by1='null', by2='null'}, Patients{pid=22, pname='成龙', gender='F', sex='男', phone='18569549884', idCard='430121199802112239', pwd='poiu', medCard='45674654', email='871386162@qq.com', by1='null', by2='null'}, Patients{pid=23, pname='刘亦菲', gender='F', sex='男', phone='18569549833', idCard='430121199802112232', pwd='poiu', medCard='12312341243', email='871386162@qq.com', by1='null', by2='null'}, Patients{pid=27, pname='冯海', gender='F', sex='男', phone='18569549332', idCard='430121199802112266', pwd='poiu', medCard='3467869', email='871386162@qq.com', by1='null', by2='null'}, Patients{pid=28, pname='吴英健', gender='F', sex='男', phone='12323445678', idCard='430121199802112230', pwd='123466', medCard='11111111', email='8712@qq.com', by1='null', by2='null'}, Patients{pid=33, pname='吴英健', gender='F', sex='男', phone='12323125678', idCard='430121194402112230', pwd='123466', medCard='11111111', email='8712@qq.com', by1='null', by2='null'}],{}>
2018-11-11 16:26:54,930  INFO WebLogAspect:50 ---- SPEND TIME14
2018-11-11 16:26:59,787  INFO WebLogAspect:33 ---- WebLogAspect.before
2018-11-11 16:26:59,787  INFO WebLogAspect:38 ---- URL/drug/list
2018-11-11 16:26:59,787  INFO WebLogAspect:39 ---- HTTP_METHODGET
2018-11-11 16:26:59,788  INFO WebLogAspect:40 ---- IPGET
2018-11-11 16:26:59,788  INFO WebLogAspect:41 ---- CLASS_TYPEclass com.newer.springboot.controller.DrugControllerlistAll
2018-11-11 16:26:59,788  INFO WebLogAspect:42 ---- Parameter[null, null]
2018-11-11 16:26:59,817  INFO WebLogAspect:47 ---- WebLogAspect.after
2018-11-11 16:26:59,818  INFO WebLogAspect:48 ---- RETURING:<200 OK,[Drug{drid=2, dyid=5, drugType=DrugType{dyid=5, dyname='内分泌科', dystate='1', by1='null', by2=null}, dename='内科,妇科,口腔科,内科,外科,儿科', drname='费普利', drsum=100.0, drprice=1081.0, drstate=1, by1='null', by2=null}],{}>
2018-11-11 16:26:59,818  INFO WebLogAspect:50 ---- SPEND TIME31
2018-11-11 16:27:02,832  INFO WebLogAspect:33 ---- WebLogAspect.before
2018-11-11 16:27:02,833  INFO WebLogAspect:38 ---- URL/drug/list
2018-11-11 16:27:02,834  INFO WebLogAspect:39 ---- HTTP_METHODGET
2018-11-11 16:27:02,835  INFO WebLogAspect:40 ---- IPGET
2018-11-11 16:27:02,835  INFO WebLogAspect:41 ---- CLASS_TYPEclass com.newer.springboot.controller.DrugControllerlistAll
2018-11-11 16:27:02,836  INFO WebLogAspect:42 ---- Parameter[null, null]
2018-11-11 16:27:02,838  INFO WebLogAspect:47 ---- WebLogAspect.after
2018-11-11 16:27:02,839  INFO WebLogAspect:48 ---- RETURING:<200 OK,[Drug{drid=2, dyid=5, drugType=DrugType{dyid=5, dyname='内分泌科', dystate='1', by1='null', by2=null}, dename='内科,妇科,口腔科,内科,外科,儿科', drname='费普利', drsum=100.0, drprice=1081.0, drstate=1, by1='null', by2=null}],{}>
2018-11-11 16:27:02,839  INFO WebLogAspect:50 ---- SPEND TIME6
